  Time(year)	  SI(Albite)	          pH	    Tot_SiO2	      Tot_Al	      TOT_Na	
  0.0000e+00	 -9.9990e+01	  6.0000e+00	  0.0000e+00	  0.0000e+00	  0.0000e+00	
  1.5844e+00	 -7.5651e+00	  6.0011e+00	  2.4428e-05	  1.2284e-08	  1.2208e-05	
  3.1689e+00	 -6.6614e+00	  6.0022e+00	  4.8831e-05	  6.1324e-09	  2.4413e-05	
  4.7533e+00	 -6.1323e+00	  6.0032e+00	  7.3231e-05	  4.0810e-09	  3.6614e-05	
  6.3378e+00	 -5.7566e+00	  6.0043e+00	  9.7624e-05	  3.0552e-09	  4.8811e-05	
  7.9222e+00	 -5.4650e+00	  6.0054e+00	  1.2201e-04	  2.4397e-09	  6.1004e-05	
  9.5066e+00	 -5.2266e+00	  6.0065e+00	  1.4639e-04	  2.0294e-09	  7.3193e-05	
  1.1091e+01	 -5.0249e+00	  6.0076e+00	  1.7076e-04	  1.7363e-09	  8.5378e-05	
  1.2676e+01	 -4.8501e+00	  6.0086e+00	  1.9512e-04	  1.5166e-09	  9.7559e-05	
  1.4260e+01	 -4.6958e+00	  6.0097e+00	  2.1947e-04	  1.3457e-09	  1.0974e-04	
  1.5844e+01	 -4.5576e+00	  6.0108e+00	  2.4382e-04	  1.2089e-09	  1.2191e-04	
  1.7429e+01	 -4.4326e+00	  6.0119e+00	  2.6816e-04	  1.0971e-09	  1.3408e-04	
  1.9013e+01	 -4.3184e+00	  6.0129e+00	  2.9249e-04	  1.0039e-09	  1.4624e-04	
  2.0598e+01	 -4.2132e+00	  6.0140e+00	  3.1681e-04	  9.2506e-10	  1.5841e-04	
  2.2182e+01	 -4.1158e+00	  6.0151e+00	  3.4113e-04	  8.5748e-10	  1.7056e-04	
  2.3767e+01	 -4.0251e+00	  6.0162e+00	  3.6544e-04	  7.9893e-10	  1.8272e-04	
  2.5351e+01	 -3.9401e+00	  6.0172e+00	  3.8973e-04	  7.4771e-10	  1.9487e-04	
  2.6935e+01	 -3.8603e+00	  6.0183e+00	  4.1402e-04	  7.0252e-10	  2.0701e-04	
  2.8520e+01	 -3.7850e+00	  6.0194e+00	  4.3831e-04	  6.6236e-10	  2.1915e-04	
  3.0104e+01	 -3.7137e+00	  6.0204e+00	  4.6258e-04	  6.2644e-10	  2.3129e-04	
  3.1689e+01	 -3.6460e+00	  6.0215e+00	  4.8685e-04	  5.9411e-10	  2.4342e-04	
  3.3273e+01	 -3.5816e+00	  6.0226e+00	  5.1111e-04	  5.6487e-10	  2.5555e-04	
  3.4858e+01	 -3.5201e+00	  6.0236e+00	  5.3535e-04	  5.3830e-10	  2.6768e-04	
  3.6442e+01	 -3.4614e+00	  6.0247e+00	  5.5960e-04	  5.1404e-10	  2.7980e-04	
  3.8027e+01	 -3.4051e+00	  6.0258e+00	  5.8383e-04	  4.9181e-10	  2.9191e-04	
  3.9611e+01	 -3.3511e+00	  6.0268e+00	  6.0805e-04	  4.7136e-10	  3.0403e-04	
  4.1195e+01	 -3.2991e+00	  6.0279e+00	  6.3227e-04	  4.5250e-10	  3.1613e-04	
  4.2780e+01	 -3.2491e+00	  6.0290e+00	  6.5647e-04	  4.3503e-10	  3.2824e-04	
  4.4364e+01	 -3.2009e+00	  6.0300e+00	  6.8067e-04	  4.1882e-10	  3.4034e-04	
  4.5949e+01	 -3.1544e+00	  6.0311e+00	  7.0486e-04	  4.0373e-10	  3.5243e-04	
  4.7533e+01	 -3.1094e+00	  6.0321e+00	  7.2904e-04	  3.8965e-10	  3.6452e-04	
  4.9118e+01	 -3.0658e+00	  6.0332e+00	  7.5321e-04	  3.7649e-10	  3.7661e-04	
  5.0702e+01	 -3.0236e+00	  6.0343e+00	  7.7737e-04	  3.6415e-10	  3.8869e-04	
  5.2286e+01	 -2.9827e+00	  6.0353e+00	  8.0152e-04	  3.5256e-10	  4.0076e-04	
  5.3871e+01	 -2.9430e+00	  6.0364e+00	  8.2567e-04	  3.4166e-10	  4.1283e-04	
  5.5455e+01	 -2.9044e+00	  6.0374e+00	  8.4980e-04	  3.3139e-10	  4.2490e-04	
  5.7040e+01	 -2.8669e+00	  6.0385e+00	  8.7392e-04	  3.2169e-10	  4.3696e-04	
  5.8624e+01	 -2.8304e+00	  6.0395e+00	  8.9803e-04	  3.1252e-10	  4.4902e-04	
  6.0209e+01	 -2.7948e+00	  6.0406e+00	  9.2214e-04	  3.0383e-10	  4.6107e-04	
  6.1793e+01	 -2.7602e+00	  6.0417e+00	  9.4623e-04	  2.9560e-10	  4.7312e-04	
  6.3378e+01	 -2.7264e+00	  6.0427e+00	  9.7031e-04	  2.8778e-10	  4.8516e-04	
  6.4962e+01	 -2.6934e+00	  6.0438e+00	  9.9439e-04	  2.8034e-10	  4.9719e-04	
  6.6546e+01	 -2.6612e+00	  6.0448e+00	  1.0184e-03	  2.7326e-10	  5.0922e-04	
  6.8131e+01	 -2.6297e+00	  6.0459e+00	  1.0425e-03	  2.6652e-10	  5.2125e-04	
  6.9715e+01	 -2.5990e+00	  6.0469e+00	  1.0665e-03	  2.6008e-10	  5.3327e-04	
  7.1300e+01	 -2.5689e+00	  6.0480e+00	  1.0906e-03	  2.5394e-10	  5.4528e-04	
  7.2884e+01	 -2.5395e+00	  6.0490e+00	  1.1146e-03	  2.4806e-10	  5.5729e-04	
  7.4469e+01	 -2.5107e+00	  6.0501e+00	  1.1386e-03	  2.4244e-10	  5.6929e-04	
  7.6053e+01	 -2.4825e+00	  6.0511e+00	  1.1626e-03	  2.3705e-10	  5.8129e-04	
  7.7637e+01	 -2.4548e+00	  6.0521e+00	  1.1866e-03	  2.3189e-10	  5.9328e-04	
  7.9222e+01	 -2.4277e+00	  6.0532e+00	  1.2105e-03	  2.2694e-10	  6.0527e-04	
  8.0806e+01	 -2.4012e+00	  6.0542e+00	  1.2345e-03	  2.2218e-10	  6.1725e-04	
  8.2391e+01	 -2.3751e+00	  6.0553e+00	  1.2584e-03	  2.1761e-10	  6.2922e-04	
  8.3975e+01	 -2.3495e+00	  6.0563e+00	  1.2824e-03	  2.1321e-10	  6.4119e-04	
  8.5560e+01	 -2.3244e+00	  6.0574e+00	  1.3063e-03	  2.0898e-10	  6.5314e-04	
  8.7144e+01	 -2.2997e+00	  6.0584e+00	  1.3302e-03	  2.0491e-10	  6.6510e-04	
  8.8729e+01	 -2.2755e+00	  6.0594e+00	  1.3541e-03	  2.0098e-10	  6.7704e-04	
  9.0313e+01	 -2.2517e+00	  6.0605e+00	  1.3780e-03	  1.9719e-10	  6.8898e-04	
  9.1897e+01	 -2.2283e+00	  6.0615e+00	  1.4018e-03	  1.9354e-10	  7.0092e-04	
  9.3482e+01	 -2.2053e+00	  6.0626e+00	  1.4257e-03	  1.9001e-10	  7.1284e-04	
  9.5066e+01	 -2.1827e+00	  6.0636e+00	  1.4495e-03	  1.8661e-10	  7.2476e-04	
  9.6651e+01	 -2.1604e+00	  6.0646e+00	  1.4733e-03	  1.8331e-10	  7.3667e-04	
  9.8235e+01	 -2.1385e+00	  6.0657e+00	  1.4972e-03	  1.8013e-10	  7.4858e-04	
  9.9820e+01	 -2.1169e+00	  6.0667e+00	  1.5209e-03	  1.7705e-10	  7.6047e-04	
  1.0140e+02	 -2.0957e+00	  6.0677e+00	  1.5447e-03	  1.7407e-10	  7.7236e-04	
  1.0299e+02	 -2.0747e+00	  6.0688e+00	  1.5685e-03	  1.7118e-10	  7.8424e-04	
  1.0457e+02	 -2.0541e+00	  6.0698e+00	  1.5922e-03	  1.6838e-10	  7.9611e-04	
  1.0616e+02	 -2.0338e+00	  6.0708e+00	  1.6160e-03	  1.6566e-10	  8.0798e-04	
  1.0774e+02	 -2.0138e+00	  6.0719e+00	  1.6397e-03	  1.6303e-10	  8.1983e-04	
  1.0933e+02	 -1.9941e+00	  6.0729e+00	  1.6634e-03	  1.6048e-10	  8.3168e-04	
  1.1091e+02	 -1.9747e+00	  6.0739e+00	  1.6870e-03	  1.5800e-10	  8.4352e-04	
  1.1250e+02	 -1.9555e+00	  6.0749e+00	  1.7107e-03	  1.5559e-10	  8.5535e-04	
  1.1408e+02	 -1.9366e+00	  6.0760e+00	  1.7343e-03	  1.5326e-10	  8.6717e-04	
  1.1566e+02	 -1.9180e+00	  6.0770e+00	  1.7580e-03	  1.5098e-10	  8.7898e-04	
  1.1725e+02	 -1.8996e+00	  6.0780e+00	  1.7816e-03	  1.4878e-10	  8.9079e-04	
  1.1883e+02	 -1.8814e+00	  6.0790e+00	  1.8052e-03	  1.4663e-10	  9.0258e-04	
  1.2042e+02	 -1.8635e+00	  6.0801e+00	  1.8287e-03	  1.4454e-10	  9.1436e-04	
  1.2200e+02	 -1.8458e+00	  6.0811e+00	  1.8523e-03	  1.4251e-10	  9.2614e-04	
  1.2359e+02	 -1.8284e+00	  6.0821e+00	  1.8758e-03	  1.4053e-10	  9.3790e-04	
  1.2517e+02	 -1.8111e+00	  6.0831e+00	  1.8993e-03	  1.3860e-10	  9.4965e-04	
  1.2676e+02	 -1.7941e+00	  6.0841e+00	  1.9228e-03	  1.3672e-10	  9.6139e-04	
  1.2834e+02	 -1.7773e+00	  6.0851e+00	  1.9462e-03	  1.3489e-10	  9.7312e-04	
  1.2992e+02	 -1.7607e+00	  6.0862e+00	  1.9697e-03	  1.3311e-10	  9.8484e-04	
  1.3151e+02	 -1.7443e+00	  6.0872e+00	  1.9931e-03	  1.3137e-10	  9.9655e-04	
  1.3309e+02	 -1.7281e+00	  6.0882e+00	  2.0165e-03	  1.2968e-10	  1.0082e-03	
  1.3468e+02	 -1.7121e+00	  6.0892e+00	  2.0399e-03	  1.2803e-10	  1.0199e-03	
  1.3626e+02	 -1.6962e+00	  6.0902e+00	  2.0632e-03	  1.2641e-10	  1.0316e-03	
  1.3785e+02	 -1.6806e+00	  6.0912e+00	  2.0865e-03	  1.2484e-10	  1.0433e-03	
  1.3943e+02	 -1.6651e+00	  6.0922e+00	  2.1098e-03	  1.2330e-10	  1.0549e-03	
  1.4102e+02	 -1.6498e+00	  6.0932e+00	  2.1331e-03	  1.2180e-10	  1.0666e-03	
  1.4260e+02	 -1.6347e+00	  6.0942e+00	  2.1564e-03	  1.2033e-10	  1.0782e-03	
  1.4418e+02	 -1.6197e+00	  6.0952e+00	  2.1796e-03	  1.1890e-10	  1.0898e-03	
  1.4577e+02	 -1.6049e+00	  6.0962e+00	  2.2028e-03	  1.1750e-10	  1.1014e-03	
  1.4735e+02	 -1.5903e+00	  6.0972e+00	  2.2260e-03	  1.1613e-10	  1.1130e-03	
  1.4894e+02	 -1.5758e+00	  6.0982e+00	  2.2491e-03	  1.1480e-10	  1.1246e-03	
  1.5052e+02	 -1.5615e+00	  6.0992e+00	  2.2723e-03	  1.1349e-10	  1.1361e-03	
  1.5211e+02	 -1.5473e+00	  6.1002e+00	  2.2954e-03	  1.1221e-10	  1.1477e-03	
  1.5369e+02	 -1.5333e+00	  6.1012e+00	  2.3184e-03	  1.1096e-10	  1.1592e-03	
  1.5527e+02	 -1.5194e+00	  6.1022e+00	  2.3415e-03	  1.0973e-10	  1.1707e-03	
  1.5686e+02	 -1.5057e+00	  6.1032e+00	  2.3645e-03	  1.0854e-10	  1.1822e-03	
  1.5844e+02	 -1.4921e+00	  6.1042e+00	  2.3875e-03	  1.0736e-10	  1.1937e-03	
  1.6003e+02	 -1.4787e+00	  6.1052e+00	  2.4104e-03	  1.0622e-10	  1.2052e-03	
  1.6161e+02	 -1.4653e+00	  6.1062e+00	  2.4334e-03	  1.0509e-10	  1.2167e-03	
  1.6320e+02	 -1.4522e+00	  6.1072e+00	  2.4563e-03	  1.0399e-10	  1.2281e-03	
  1.6478e+02	 -1.4391e+00	  6.1082e+00	  2.4791e-03	  1.0291e-10	  1.2396e-03	
  1.6637e+02	 -1.4262e+00	  6.1091e+00	  2.5020e-03	  1.0186e-10	  1.2510e-03	
  1.6795e+02	 -1.4134e+00	  6.1101e+00	  2.5248e-03	  1.0082e-10	  1.2624e-03	
  1.6953e+02	 -1.4007e+00	  6.1111e+00	  2.5475e-03	  9.9807e-11	  1.2738e-03	
  1.7112e+02	 -1.3882e+00	  6.1121e+00	  2.5703e-03	  9.8813e-11	  1.2851e-03	
  1.7270e+02	 -1.3757e+00	  6.1131e+00	  2.5930e-03	  9.7839e-11	  1.2965e-03	
  1.7429e+02	 -1.3634e+00	  6.1141e+00	  2.6156e-03	  9.6883e-11	  1.3078e-03	
  1.7587e+02	 -1.3512e+00	  6.1150e+00	  2.6383e-03	  9.5946e-11	  1.3191e-03	
  1.7746e+02	 -1.3391e+00	  6.1160e+00	  2.6609e-03	  9.5027e-11	  1.3304e-03	
  1.7904e+02	 -1.3272e+00	  6.1170e+00	  2.6834e-03	  9.4126e-11	  1.3417e-03	
  1.8063e+02	 -1.3153e+00	  6.1179e+00	  2.7060e-03	  9.3241e-11	  1.3530e-03	
  1.8221e+02	 -1.3036e+00	  6.1189e+00	  2.7285e-03	  9.2374e-11	  1.3642e-03	
  1.8379e+02	 -1.2919e+00	  6.1199e+00	  2.7509e-03	  9.1522e-11	  1.3755e-03	
  1.8538e+02	 -1.2804e+00	  6.1208e+00	  2.7734e-03	  9.0687e-11	  1.3867e-03	
  1.8696e+02	 -1.2689e+00	  6.1218e+00	  2.7957e-03	  8.9867e-11	  1.3979e-03	
  1.8855e+02	 -1.2576e+00	  6.1228e+00	  2.8181e-03	  8.9061e-11	  1.4090e-03	
  1.9013e+02	 -1.2464e+00	  6.1237e+00	  2.8404e-03	  8.8271e-11	  1.4202e-03	
  1.9172e+02	 -1.2353e+00	  6.1247e+00	  2.8627e-03	  8.7495e-11	  1.4313e-03	
  1.9330e+02	 -1.2242e+00	  6.1257e+00	  2.8849e-03	  8.6732e-11	  1.4424e-03	
  1.9489e+02	 -1.2133e+00	  6.1266e+00	  2.9071e-03	  8.5984e-11	  1.4535e-03	
  1.9647e+02	 -1.2025e+00	  6.1276e+00	  2.9292e-03	  8.5248e-11	  1.4646e-03	
  1.9805e+02	 -1.1917e+00	  6.1285e+00	  2.9513e-03	  8.4526e-11	  1.4757e-03	
  1.9964e+02	 -1.1811e+00	  6.1295e+00	  2.9734e-03	  8.3816e-11	  1.4867e-03	
  2.0122e+02	 -1.1705e+00	  6.1304e+00	  2.9954e-03	  8.3119e-11	  1.4977e-03	
  2.0281e+02	 -1.1601e+00	  6.1314e+00	  3.0174e-03	  8.2433e-11	  1.5087e-03	
  2.0439e+02	 -1.1497e+00	  6.1323e+00	  3.0393e-03	  8.1760e-11	  1.5196e-03	
  2.0598e+02	 -1.1394e+00	  6.1332e+00	  3.0612e-03	  8.1097e-11	  1.5306e-03	
  2.0756e+02	 -1.1292e+00	  6.1342e+00	  3.0830e-03	  8.0447e-11	  1.5415e-03	
  2.0915e+02	 -1.1191e+00	  6.1351e+00	  3.1048e-03	  7.9807e-11	  1.5524e-03	
  2.1073e+02	 -1.1091e+00	  6.1361e+00	  3.1266e-03	  7.9178e-11	  1.5633e-03	
  2.1231e+02	 -1.0991e+00	  6.1370e+00	  3.1483e-03	  7.8559e-11	  1.5741e-03	
  2.1390e+02	 -1.0893e+00	  6.1379e+00	  3.1699e-03	  7.7951e-11	  1.5850e-03	
  2.1548e+02	 -1.0795e+00	  6.1389e+00	  3.1915e-03	  7.7353e-11	  1.5958e-03	
  2.1707e+02	 -1.0698e+00	  6.1398e+00	  3.2131e-03	  7.6764e-11	  1.6065e-03	
  2.1865e+02	 -1.0602e+00	  6.1407e+00	  3.2346e-03	  7.6185e-11	  1.6173e-03	
  2.2024e+02	 -1.0506e+00	  6.1416e+00	  3.2561e-03	  7.5616e-11	  1.6280e-03	
  2.2182e+02	 -1.0412e+00	  6.1426e+00	  3.2775e-03	  7.5056e-11	  1.6387e-03	
  2.2341e+02	 -1.0318e+00	  6.1435e+00	  3.2988e-03	  7.4505e-11	  1.6494e-03	
  2.2499e+02	 -1.0225e+00	  6.1444e+00	  3.3201e-03	  7.3962e-11	  1.6601e-03	
  2.2657e+02	 -1.0133e+00	  6.1453e+00	  3.3414e-03	  7.3429e-11	  1.6707e-03	
  2.2816e+02	 -1.0041e+00	  6.1462e+00	  3.3626e-03	  7.2903e-11	  1.6813e-03	
  2.2974e+02	 -9.9506e-01	  6.1471e+00	  3.3837e-03	  7.2387e-11	  1.6919e-03	
  2.3133e+02	 -9.8606e-01	  6.1480e+00	  3.4048e-03	  7.1878e-11	  1.7024e-03	
  2.3291e+02	 -9.7714e-01	  6.1489e+00	  3.4259e-03	  7.1377e-11	  1.7129e-03	
  2.3450e+02	 -9.6828e-01	  6.1498e+00	  3.4469e-03	  7.0884e-11	  1.7234e-03	
  2.3608e+02	 -9.5950e-01	  6.1507e+00	  3.4678e-03	  7.0399e-11	  1.7339e-03	
  2.3767e+02	 -9.5078e-01	  6.1516e+00	  3.4887e-03	  6.9921e-11	  1.7443e-03	
  2.3925e+02	 -9.4214e-01	  6.1525e+00	  3.5095e-03	  6.9450e-11	  1.7548e-03	
  2.4083e+02	 -9.3357e-01	  6.1534e+00	  3.5303e-03	  6.8987e-11	  1.7651e-03	
  2.4242e+02	 -9.2506e-01	  6.1543e+00	  3.5510e-03	  6.8531e-11	  1.7755e-03	
  2.4400e+02	 -9.1662e-01	  6.1552e+00	  3.5716e-03	  6.8081e-11	  1.7858e-03	
  2.4559e+02	 -9.0825e-01	  6.1561e+00	  3.5922e-03	  6.7639e-11	  1.7961e-03	
  2.4717e+02	 -8.9995e-01	  6.1570e+00	  3.6127e-03	  6.7203e-11	  1.8064e-03	
  2.4876e+02	 -8.9172e-01	  6.1579e+00	  3.6332e-03	  6.6773e-11	  1.8166e-03	
  2.5034e+02	 -8.8354e-01	  6.1587e+00	  3.6536e-03	  6.6350e-11	  1.8268e-03	
  2.5193e+02	 -8.7544e-01	  6.1596e+00	  3.6740e-03	  6.5934e-11	  1.8370e-03	
  2.5351e+02	 -8.6740e-01	  6.1605e+00	  3.6942e-03	  6.5523e-11	  1.8471e-03	
  2.5509e+02	 -8.5942e-01	  6.1614e+00	  3.7145e-03	  6.5119e-11	  1.8572e-03	
  2.5668e+02	 -8.5150e-01	  6.1622e+00	  3.7346e-03	  6.4720e-11	  1.8673e-03	
  2.5826e+02	 -8.4365e-01	  6.1631e+00	  3.7547e-03	  6.4328e-11	  1.8774e-03	
  2.5985e+02	 -8.3586e-01	  6.1640e+00	  3.7748e-03	  6.3941e-11	  1.8874e-03	
  2.6143e+02	 -8.2813e-01	  6.1648e+00	  3.7947e-03	  6.3560e-11	  1.8974e-03	
  2.6302e+02	 -8.2047e-01	  6.1657e+00	  3.8146e-03	  6.3184e-11	  1.9073e-03	
  2.6460e+02	 -8.1286e-01	  6.1665e+00	  3.8345e-03	  6.2813e-11	  1.9172e-03	
  2.6619e+02	 -8.0531e-01	  6.1674e+00	  3.8542e-03	  6.2448e-11	  1.9271e-03	
  2.6777e+02	 -7.9783e-01	  6.1682e+00	  3.8739e-03	  6.2089e-11	  1.9370e-03	
  2.6935e+02	 -7.9041e-01	  6.1691e+00	  3.8935e-03	  6.1735e-11	  1.9468e-03	
  2.7094e+02	 -7.8305e-01	  6.1699e+00	  3.9131e-03	  6.1385e-11	  1.9565e-03	
  2.7252e+02	 -7.7574e-01	  6.1707e+00	  3.9326e-03	  6.1041e-11	  1.9663e-03	
  2.7411e+02	 -7.6849e-01	  6.1716e+00	  3.9520e-03	  6.0701e-11	  1.9760e-03	
  2.7569e+02	 -7.6130e-01	  6.1724e+00	  3.9713e-03	  6.0367e-11	  1.9857e-03	
  2.7728e+02	 -7.5417e-01	  6.1732e+00	  3.9906e-03	  6.0037e-11	  1.9953e-03	
  2.7886e+02	 -7.4709e-01	  6.1741e+00	  4.0098e-03	  5.9711e-11	  2.0049e-03	
  2.8045e+02	 -7.4007e-01	  6.1749e+00	  4.0290e-03	  5.9391e-11	  2.0145e-03	
  2.8203e+02	 -7.3310e-01	  6.1757e+00	  4.0480e-03	  5.9074e-11	  2.0240e-03	
  2.8361e+02	 -7.2619e-01	  6.1765e+00	  4.0670e-03	  5.8762e-11	  2.0335e-03	
  2.8520e+02	 -7.1933e-01	  6.1773e+00	  4.0859e-03	  5.8455e-11	  2.0430e-03	
  2.8678e+02	 -7.1253e-01	  6.1782e+00	  4.1048e-03	  5.8152e-11	  2.0524e-03	
  2.8837e+02	 -7.0578e-01	  6.1790e+00	  4.1235e-03	  5.7852e-11	  2.0618e-03	
  2.8995e+02	 -6.9909e-01	  6.1798e+00	  4.1422e-03	  5.7557e-11	  2.0711e-03	
  2.9154e+02	 -6.9245e-01	  6.1806e+00	  4.1609e-03	  5.7266e-11	  2.0804e-03	
  2.9312e+02	 -6.8586e-01	  6.1814e+00	  4.1794e-03	  5.6979e-11	  2.0897e-03	
  2.9471e+02	 -6.7932e-01	  6.1822e+00	  4.1979e-03	  5.6696e-11	  2.0989e-03	
  2.9629e+02	 -6.7284e-01	  6.1830e+00	  4.2163e-03	  5.6417e-11	  2.1081e-03	
  2.9787e+02	 -6.6640e-01	  6.1838e+00	  4.2346e-03	  5.6142e-11	  2.1173e-03	
  2.9946e+02	 -6.6002e-01	  6.1845e+00	  4.2528e-03	  5.5870e-11	  2.1264e-03	
  3.0104e+02	 -6.5369e-01	  6.1853e+00	  4.2710e-03	  5.5602e-11	  2.1355e-03	
  3.0263e+02	 -6.4741e-01	  6.1861e+00	  4.2891e-03	  5.5338e-11	  2.1445e-03	
  3.0421e+02	 -6.4118e-01	  6.1869e+00	  4.3071e-03	  5.5077e-11	  2.1535e-03	
  3.0580e+02	 -6.3500e-01	  6.1876e+00	  4.3250e-03	  5.4820e-11	  2.1625e-03	
  3.0738e+02	 -6.2887e-01	  6.1884e+00	  4.3429e-03	  5.4566e-11	  2.1714e-03	
  3.0897e+02	 -6.2279e-01	  6.1892e+00	  4.3606e-03	  5.4315e-11	  2.1803e-03	
  3.1055e+02	 -6.1675e-01	  6.1899e+00	  4.3783e-03	  5.4068e-11	  2.1892e-03	
  3.1213e+02	 -6.1077e-01	  6.1907e+00	  4.3959e-03	  5.3824e-11	  2.1980e-03	
  3.1372e+02	 -6.0483e-01	  6.1915e+00	  4.4135e-03	  5.3584e-11	  2.2067e-03	
  3.1530e+02	 -5.9895e-01	  6.1922e+00	  4.4309e-03	  5.3347e-11	  2.2155e-03	
  3.1689e+02	 -5.9311e-01	  6.1930e+00	  4.4483e-03	  5.3112e-11	  2.2241e-03	
  3.1847e+02	 -5.8731e-01	  6.1937e+00	  4.4656e-03	  5.2881e-11	  2.2328e-03	
  3.2006e+02	 -5.8157e-01	  6.1944e+00	  4.4828e-03	  5.2653e-11	  2.2414e-03	
  3.2164e+02	 -5.7587e-01	  6.1952e+00	  4.4999e-03	  5.2428e-11	  2.2499e-03	
  3.2323e+02	 -5.7021e-01	  6.1959e+00	  4.5169e-03	  5.2206e-11	  2.2585e-03	
  3.2481e+02	 -5.6461e-01	  6.1967e+00	  4.5339e-03	  5.1987e-11	  2.2669e-03	
  3.2639e+02	 -5.5904e-01	  6.1974e+00	  4.5507e-03	  5.1771e-11	  2.2754e-03	
  3.2798e+02	 -5.5353e-01	  6.1981e+00	  4.5675e-03	  5.1557e-11	  2.2838e-03	
  3.2956e+02	 -5.4806e-01	  6.1988e+00	  4.5842e-03	  5.1346e-11	  2.2921e-03	
  3.3115e+02	 -5.4263e-01	  6.1995e+00	  4.6008e-03	  5.1138e-11	  2.3004e-03	
  3.3273e+02	 -5.3725e-01	  6.2003e+00	  4.6174e-03	  5.0933e-11	  2.3087e-03	
  3.3432e+02	 -5.3191e-01	  6.2010e+00	  4.6338e-03	  5.0731e-11	  2.3169e-03	
  3.3590e+02	 -5.2662e-01	  6.2017e+00	  4.6502e-03	  5.0531e-11	  2.3251e-03	
  3.3749e+02	 -5.2137e-01	  6.2024e+00	  4.6664e-03	  5.0333e-11	  2.3332e-03	
  3.3907e+02	 -5.1617e-01	  6.2031e+00	  4.6826e-03	  5.0139e-11	  2.3413e-03	
  3.4065e+02	 -5.1100e-01	  6.2038e+00	  4.6987e-03	  4.9946e-11	  2.3494e-03	
  3.4224e+02	 -5.0588e-01	  6.2045e+00	  4.7147e-03	  4.9757e-11	  2.3574e-03	
  3.4382e+02	 -5.0081e-01	  6.2051e+00	  4.7306e-03	  4.9569e-11	  2.3653e-03	
  3.4541e+02	 -4.9577e-01	  6.2058e+00	  4.7465e-03	  4.9384e-11	  2.3732e-03	
  3.4699e+02	 -4.9078e-01	  6.2065e+00	  4.7622e-03	  4.9202e-11	  2.3811e-03	
  3.4858e+02	 -4.8583e-01	  6.2072e+00	  4.7779e-03	  4.9022e-11	  2.3889e-03	
  3.5016e+02	 -4.8092e-01	  6.2079e+00	  4.7935e-03	  4.8844e-11	  2.3967e-03	
  3.5175e+02	 -4.7606e-01	  6.2085e+00	  4.8089e-03	  4.8668e-11	  2.4045e-03	
  3.5333e+02	 -4.7123e-01	  6.2092e+00	  4.8243e-03	  4.8495e-11	  2.4122e-03	
  3.5491e+02	 -4.6645e-01	  6.2099e+00	  4.8396e-03	  4.8324e-11	  2.4198e-03	
  3.5650e+02	 -4.6170e-01	  6.2105e+00	  4.8549e-03	  4.8155e-11	  2.4274e-03	
  3.5808e+02	 -4.5700e-01	  6.2112e+00	  4.8700e-03	  4.7988e-11	  2.4350e-03	
  3.5967e+02	 -4.5233e-01	  6.2118e+00	  4.8850e-03	  4.7824e-11	  2.4425e-03	
  3.6125e+02	 -4.4771e-01	  6.2125e+00	  4.9000e-03	  4.7661e-11	  2.4500e-03	
  3.6284e+02	 -4.4312e-01	  6.2131e+00	  4.9148e-03	  4.7501e-11	  2.4574e-03	
  3.6442e+02	 -4.3858e-01	  6.2137e+00	  4.9296e-03	  4.7342e-11	  2.4648e-03	
  3.6601e+02	 -4.3407e-01	  6.2144e+00	  4.9443e-03	  4.7186e-11	  2.4721e-03	
  3.6759e+02	 -4.2961e-01	  6.2150e+00	  4.9589e-03	  4.7031e-11	  2.4794e-03	
  3.6917e+02	 -4.2518e-01	  6.2156e+00	  4.9734e-03	  4.6879e-11	  2.4867e-03	
  3.7076e+02	 -4.2079e-01	  6.2163e+00	  4.9878e-03	  4.6728e-11	  2.4939e-03	
  3.7234e+02	 -4.1644e-01	  6.2169e+00	  5.0021e-03	  4.6580e-11	  2.5011e-03	
  3.7393e+02	 -4.1212e-01	  6.2175e+00	  5.0164e-03	  4.6433e-11	  2.5082e-03	
  3.7551e+02	 -4.0785e-01	  6.2181e+00	  5.0305e-03	  4.6288e-11	  2.5153e-03	
  3.7710e+02	 -4.0361e-01	  6.2187e+00	  5.0446e-03	  4.6145e-11	  2.5223e-03	
  3.7868e+02	 -3.9941e-01	  6.2193e+00	  5.0585e-03	  4.6004e-11	  2.5293e-03	
  3.8027e+02	 -3.9524e-01	  6.2199e+00	  5.0724e-03	  4.5864e-11	  2.5362e-03	
  3.8185e+02	 -3.9111e-01	  6.2205e+00	  5.0862e-03	  4.5726e-11	  2.5431e-03	
  3.8343e+02	 -3.8702e-01	  6.2211e+00	  5.0999e-03	  4.5590e-11	  2.5499e-03	
  3.8502e+02	 -3.8297e-01	  6.2217e+00	  5.1135e-03	  4.5456e-11	  2.5567e-03	
  3.8660e+02	 -3.7895e-01	  6.2223e+00	  5.1270e-03	  4.5324e-11	  2.5635e-03	
  3.8819e+02	 -3.7497e-01	  6.2229e+00	  5.1404e-03	  4.5193e-11	  2.5702e-03	
  3.8977e+02	 -3.7102e-01	  6.2234e+00	  5.1537e-03	  4.5063e-11	  2.5769e-03	
  3.9136e+02	 -3.6711e-01	  6.2240e+00	  5.1669e-03	  4.4936e-11	  2.5835e-03	
  3.9294e+02	 -3.6323e-01	  6.2246e+00	  5.1801e-03	  4.4810e-11	  2.5900e-03	
  3.9453e+02	 -3.5939e-01	  6.2251e+00	  5.1931e-03	  4.4685e-11	  2.5966e-03	
  3.9611e+02	 -3.5558e-01	  6.2257e+00	  5.2061e-03	  4.4562e-11	  2.6031e-03	
  3.9769e+02	 -3.5181e-01	  6.2263e+00	  5.2190e-03	  4.4441e-11	  2.6095e-03	
  3.9928e+02	 -3.4807e-01	  6.2268e+00	  5.2318e-03	  4.4321e-11	  2.6159e-03	
  4.0086e+02	 -3.4436e-01	  6.2274e+00	  5.2445e-03	  4.4203e-11	  2.6222e-03	
  4.0245e+02	 -3.4069e-01	  6.2279e+00	  5.2571e-03	  4.4086e-11	  2.6285e-03	
  4.0403e+02	 -3.3705e-01	  6.2285e+00	  5.2696e-03	  4.3970e-11	  2.6348e-03	
  4.0562e+02	 -3.3345e-01	  6.2290e+00	  5.2820e-03	  4.3856e-11	  2.6410e-03	
  4.0720e+02	 -3.2988e-01	  6.2295e+00	  5.2944e-03	  4.3744e-11	  2.6472e-03	
  4.0879e+02	 -3.2634e-01	  6.2301e+00	  5.3066e-03	  4.3633e-11	  2.6533e-03	
  4.1037e+02	 -3.2283e-01	  6.2306e+00	  5.3188e-03	  4.3523e-11	  2.6594e-03	
  4.1195e+02	 -3.1936e-01	  6.2311e+00	  5.3308e-03	  4.3415e-11	  2.6654e-03	
  4.1354e+02	 -3.1592e-01	  6.2316e+00	  5.3428e-03	  4.3308e-11	  2.6714e-03	
  4.1512e+02	 -3.1251e-01	  6.2322e+00	  5.3547e-03	  4.3202e-11	  2.6773e-03	
  4.1671e+02	 -3.0914e-01	  6.2327e+00	  5.3665e-03	  4.3097e-11	  2.6832e-03	
  4.1829e+02	 -3.0579e-01	  6.2332e+00	  5.3782e-03	  4.2994e-11	  2.6891e-03	
  4.1988e+02	 -3.0248e-01	  6.2337e+00	  5.3898e-03	  4.2893e-11	  2.6949e-03	
  4.2146e+02	 -2.9919e-01	  6.2342e+00	  5.4014e-03	  4.2792e-11	  2.7007e-03	
  4.2305e+02	 -2.9594e-01	  6.2347e+00	  5.4128e-03	  4.2693e-11	  2.7064e-03	
  4.2463e+02	 -2.9272e-01	  6.2352e+00	  5.4242e-03	  4.2595e-11	  2.7121e-03	
  4.2621e+02	 -2.8953e-01	  6.2357e+00	  5.4354e-03	  4.2498e-11	  2.7177e-03	
  4.2780e+02	 -2.8637e-01	  6.2361e+00	  5.4466e-03	  4.2402e-11	  2.7233e-03	
  4.2938e+02	 -2.8324e-01	  6.2366e+00	  5.4577e-03	  4.2308e-11	  2.7289e-03	
  4.3097e+02	 -2.8014e-01	  6.2371e+00	  5.4687e-03	  4.2215e-11	  2.7344e-03	
  4.3255e+02	 -2.7707e-01	  6.2376e+00	  5.4796e-03	  4.2123e-11	  2.7398e-03	
  4.3414e+02	 -2.7403e-01	  6.2380e+00	  5.4905e-03	  4.2032e-11	  2.7452e-03	
  4.3572e+02	 -2.7101e-01	  6.2385e+00	  5.5012e-03	  4.1942e-11	  2.7506e-03	
  4.3730e+02	 -2.6803e-01	  6.2390e+00	  5.5119e-03	  4.1853e-11	  2.7559e-03	
  4.3889e+02	 -2.6508e-01	  6.2394e+00	  5.5225e-03	  4.1766e-11	  2.7612e-03	
  4.4047e+02	 -2.6215e-01	  6.2399e+00	  5.5329e-03	  4.1679e-11	  2.7665e-03	
  4.4206e+02	 -2.5925e-01	  6.2403e+00	  5.5434e-03	  4.1594e-11	  2.7717e-03	
  4.4364e+02	 -2.5638e-01	  6.2408e+00	  5.5537e-03	  4.1509e-11	  2.7768e-03	
  4.4523e+02	 -2.5354e-01	  6.2412e+00	  5.5639e-03	  4.1426e-11	  2.7820e-03	
  4.4681e+02	 -2.5073e-01	  6.2417e+00	  5.5741e-03	  4.1344e-11	  2.7870e-03	
  4.4840e+02	 -2.4794e-01	  6.2421e+00	  5.5841e-03	  4.1262e-11	  2.7921e-03	
  4.4998e+02	 -2.4518e-01	  6.2425e+00	  5.5941e-03	  4.1182e-11	  2.7971e-03	
  4.5156e+02	 -2.4245e-01	  6.2430e+00	  5.6040e-03	  4.1103e-11	  2.8020e-03	
  4.5315e+02	 -2.3975e-01	  6.2434e+00	  5.6138e-03	  4.1025e-11	  2.8069e-03	
  4.5473e+02	 -2.3707e-01	  6.2438e+00	  5.6236e-03	  4.0947e-11	  2.8118e-03	
  4.5632e+02	 -2.3442e-01	  6.2442e+00	  5.6332e-03	  4.0871e-11	  2.8166e-03	
  4.5790e+02	 -2.3179e-01	  6.2447e+00	  5.6428e-03	  4.0796e-11	  2.8214e-03	
  4.5949e+02	 -2.2919e-01	  6.2451e+00	  5.6523e-03	  4.0721e-11	  2.8261e-03	
  4.6107e+02	 -2.2662e-01	  6.2455e+00	  5.6617e-03	  4.0648e-11	  2.8308e-03	
  4.6266e+02	 -2.2407e-01	  6.2459e+00	  5.6710e-03	  4.0575e-11	  2.8355e-03	
  4.6424e+02	 -2.2155e-01	  6.2463e+00	  5.6802e-03	  4.0503e-11	  2.8401e-03	
  4.6582e+02	 -2.1906e-01	  6.2467e+00	  5.6894e-03	  4.0433e-11	  2.8447e-03	
  4.6741e+02	 -2.1659e-01	  6.2471e+00	  5.6985e-03	  4.0363e-11	  2.8492e-03	
  4.6899e+02	 -2.1414e-01	  6.2475e+00	  5.7075e-03	  4.0294e-11	  2.8537e-03	
  4.7058e+02	 -2.1172e-01	  6.2479e+00	  5.7164e-03	  4.0225e-11	  2.8582e-03	
  4.7216e+02	 -2.0932e-01	  6.2483e+00	  5.7252e-03	  4.0158e-11	  2.8626e-03	
  4.7375e+02	 -2.0695e-01	  6.2486e+00	  5.7340e-03	  4.0091e-11	  2.8670e-03	
  4.7533e+02	 -2.0460e-01	  6.2490e+00	  5.7427e-03	  4.0026e-11	  2.8713e-03	
  4.7692e+02	 -2.0228e-01	  6.2494e+00	  5.7513e-03	  3.9961e-11	  2.8757e-03	
  4.7850e+02	 -1.9998e-01	  6.2498e+00	  5.7598e-03	  3.9897e-11	  2.8799e-03	
  4.8008e+02	 -1.9770e-01	  6.2501e+00	  5.7683e-03	  3.9833e-11	  2.8841e-03	
  4.8167e+02	 -1.9544e-01	  6.2505e+00	  5.7767e-03	  3.9771e-11	  2.8883e-03	
  4.8325e+02	 -1.9321e-01	  6.2509e+00	  5.7850e-03	  3.9709e-11	  2.8925e-03	
  4.8484e+02	 -1.9101e-01	  6.2512e+00	  5.7932e-03	  3.9648e-11	  2.8966e-03	
  4.8642e+02	 -1.8882e-01	  6.2516e+00	  5.8013e-03	  3.9588e-11	  2.9007e-03	
  4.8801e+02	 -1.8666e-01	  6.2519e+00	  5.8094e-03	  3.9529e-11	  2.9047e-03	
  4.8959e+02	 -1.8452e-01	  6.2523e+00	  5.8174e-03	  3.9470e-11	  2.9087e-03	
  4.9118e+02	 -1.8240e-01	  6.2526e+00	  5.8253e-03	  3.9412e-11	  2.9127e-03	
  4.9276e+02	 -1.8031e-01	  6.2530e+00	  5.8332e-03	  3.9355e-11	  2.9166e-03	
  4.9434e+02	 -1.7823e-01	  6.2533e+00	  5.8410e-03	  3.9298e-11	  2.9205e-03	
  4.9593e+02	 -1.7618e-01	  6.2536e+00	  5.8487e-03	  3.9242e-11	  2.9243e-03	
  4.9751e+02	 -1.7415e-01	  6.2540e+00	  5.8563e-03	  3.9187e-11	  2.9282e-03	
  4.9910e+02	 -1.7214e-01	  6.2543e+00	  5.8639e-03	  3.9133e-11	  2.9319e-03	
  5.0068e+02	 -1.7015e-01	  6.2546e+00	  5.8714e-03	  3.9079e-11	  2.9357e-03	
  5.0227e+02	 -1.6819e-01	  6.2549e+00	  5.8788e-03	  3.9026e-11	  2.9394e-03	
  5.0385e+02	 -1.6624e-01	  6.2553e+00	  5.8861e-03	  3.8973e-11	  2.9431e-03	
  5.0544e+02	 -1.6432e-01	  6.2556e+00	  5.8934e-03	  3.8921e-11	  2.9467e-03	
  5.0702e+02	 -1.6241e-01	  6.2559e+00	  5.9006e-03	  3.8870e-11	  2.9503e-03	
  5.0860e+02	 -1.6053e-01	  6.2562e+00	  5.9078e-03	  3.8820e-11	  2.9539e-03	
  5.1019e+02	 -1.5866e-01	  6.2565e+00	  5.9148e-03	  3.8770e-11	  2.9574e-03	
  5.1177e+02	 -1.5682e-01	  6.2568e+00	  5.9218e-03	  3.8720e-11	  2.9609e-03	
  5.1336e+02	 -1.5499e-01	  6.2571e+00	  5.9288e-03	  3.8672e-11	  2.9644e-03	
  5.1494e+02	 -1.5318e-01	  6.2574e+00	  5.9356e-03	  3.8624e-11	  2.9678e-03	
  5.1653e+02	 -1.5140e-01	  6.2577e+00	  5.9424e-03	  3.8576e-11	  2.9712e-03	
  5.1811e+02	 -1.4963e-01	  6.2580e+00	  5.9492e-03	  3.8529e-11	  2.9746e-03	
  5.1970e+02	 -1.4788e-01	  6.2583e+00	  5.9558e-03	  3.8483e-11	  2.9779e-03	
  5.2128e+02	 -1.4614e-01	  6.2586e+00	  5.9625e-03	  3.8437e-11	  2.9812e-03	
  5.2286e+02	 -1.4443e-01	  6.2589e+00	  5.9690e-03	  3.8392e-11	  2.9845e-03	
  5.2445e+02	 -1.4273e-01	  6.2592e+00	  5.9755e-03	  3.8347e-11	  2.9877e-03	
  5.2603e+02	 -1.4106e-01	  6.2594e+00	  5.9819e-03	  3.8303e-11	  2.9910e-03	
  5.2762e+02	 -1.3940e-01	  6.2597e+00	  5.9883e-03	  3.8259e-11	  2.9941e-03	
  5.2920e+02	 -1.3776e-01	  6.2600e+00	  5.9945e-03	  3.8216e-11	  2.9973e-03	
  5.3079e+02	 -1.3613e-01	  6.2603e+00	  6.0008e-03	  3.8174e-11	  3.0004e-03	
  5.3237e+02	 -1.3453e-01	  6.2605e+00	  6.0069e-03	  3.8132e-11	  3.0035e-03	
  5.3396e+02	 -1.3294e-01	  6.2608e+00	  6.0130e-03	  3.8090e-11	  3.0065e-03	
  5.3554e+02	 -1.3137e-01	  6.2611e+00	  6.0191e-03	  3.8050e-11	  3.0095e-03	
  5.3712e+02	 -1.2982e-01	  6.2613e+00	  6.0251e-03	  3.8009e-11	  3.0125e-03	
  5.3871e+02	 -1.2828e-01	  6.2616e+00	  6.0310e-03	  3.7969e-11	  3.0155e-03	
  5.4029e+02	 -1.2676e-01	  6.2618e+00	  6.0368e-03	  3.7930e-11	  3.0184e-03	
  5.4188e+02	 -1.2526e-01	  6.2621e+00	  6.0426e-03	  3.7891e-11	  3.0213e-03	
  5.4346e+02	 -1.2378e-01	  6.2623e+00	  6.0484e-03	  3.7852e-11	  3.0242e-03	
  5.4505e+02	 -1.2231e-01	  6.2626e+00	  6.0540e-03	  3.7815e-11	  3.0270e-03	
  5.4663e+02	 -1.2085e-01	  6.2628e+00	  6.0597e-03	  3.7777e-11	  3.0298e-03	
  5.4822e+02	 -1.1942e-01	  6.2631e+00	  6.0652e-03	  3.7740e-11	  3.0326e-03	
  5.4980e+02	 -1.1800e-01	  6.2633e+00	  6.0707e-03	  3.7703e-11	  3.0354e-03	
  5.5138e+02	 -1.1659e-01	  6.2636e+00	  6.0762e-03	  3.7667e-11	  3.0381e-03	
  5.5297e+02	 -1.1520e-01	  6.2638e+00	  6.0816e-03	  3.7632e-11	  3.0408e-03	
  5.5455e+02	 -1.1383e-01	  6.2640e+00	  6.0869e-03	  3.7597e-11	  3.0434e-03	
  5.5614e+02	 -1.1247e-01	  6.2643e+00	  6.0922e-03	  3.7562e-11	  3.0461e-03	
  5.5772e+02	 -1.1113e-01	  6.2645e+00	  6.0974e-03	  3.7527e-11	  3.0487e-03	
  5.5931e+02	 -1.0980e-01	  6.2647e+00	  6.1026e-03	  3.7494e-11	  3.0513e-03	
  5.6089e+02	 -1.0848e-01	  6.2649e+00	  6.1077e-03	  3.7460e-11	  3.0538e-03	
  5.6248e+02	 -1.0719e-01	  6.2652e+00	  6.1127e-03	  3.7427e-11	  3.0564e-03	
  5.6406e+02	 -1.0590e-01	  6.2654e+00	  6.1177e-03	  3.7394e-11	  3.0589e-03	
  5.6564e+02	 -1.0463e-01	  6.2656e+00	  6.1227e-03	  3.7362e-11	  3.0613e-03	
  5.6723e+02	 -1.0338e-01	  6.2658e+00	  6.1276e-03	  3.7330e-11	  3.0638e-03	
  5.6881e+02	 -1.0214e-01	  6.2660e+00	  6.1324e-03	  3.7299e-11	  3.0662e-03	
  5.7040e+02	 -1.0091e-01	  6.2662e+00	  6.1372e-03	  3.7268e-11	  3.0686e-03	
  5.7198e+02	 -9.9696e-02	  6.2664e+00	  6.1420e-03	  3.7237e-11	  3.0710e-03	
  5.7357e+02	 -9.8497e-02	  6.2666e+00	  6.1467e-03	  3.7207e-11	  3.0733e-03	
  5.7515e+02	 -9.7311e-02	  6.2669e+00	  6.1513e-03	  3.7177e-11	  3.0757e-03	
  5.7674e+02	 -9.6139e-02	  6.2671e+00	  6.1559e-03	  3.7148e-11	  3.0779e-03	
  5.7832e+02	 -9.4981e-02	  6.2673e+00	  6.1604e-03	  3.7119e-11	  3.0802e-03	
  5.7990e+02	 -9.3835e-02	  6.2674e+00	  6.1649e-03	  3.7090e-11	  3.0825e-03	
  5.8149e+02	 -9.2703e-02	  6.2676e+00	  6.1694e-03	  3.7061e-11	  3.0847e-03	
  5.8307e+02	 -9.1583e-02	  6.2678e+00	  6.1738e-03	  3.7033e-11	  3.0869e-03	
  5.8466e+02	 -9.0477e-02	  6.2680e+00	  6.1781e-03	  3.7006e-11	  3.0891e-03	
  5.8624e+02	 -8.9383e-02	  6.2682e+00	  6.1824e-03	  3.6978e-11	  3.0912e-03	
  5.8783e+02	 -8.8301e-02	  6.2684e+00	  6.1867e-03	  3.6951e-11	  3.0933e-03	
  5.8941e+02	 -8.7232e-02	  6.2686e+00	  6.1909e-03	  3.6925e-11	  3.0954e-03	
  5.9100e+02	 -8.6176e-02	  6.2688e+00	  6.1950e-03	  3.6898e-11	  3.0975e-03	
  5.9258e+02	 -8.5131e-02	  6.2689e+00	  6.1992e-03	  3.6872e-11	  3.0996e-03	
  5.9416e+02	 -8.4099e-02	  6.2691e+00	  6.2032e-03	  3.6847e-11	  3.1016e-03	
  5.9575e+02	 -8.3079e-02	  6.2693e+00	  6.2073e-03	  3.6821e-11	  3.1036e-03	
  5.9733e+02	 -8.2070e-02	  6.2695e+00	  6.2112e-03	  3.6796e-11	  3.1056e-03	
  5.9892e+02	 -8.1073e-02	  6.2696e+00	  6.2152e-03	  3.6771e-11	  3.1076e-03	
  6.0050e+02	 -8.0087e-02	  6.2698e+00	  6.2191e-03	  3.6747e-11	  3.1095e-03	
  6.0209e+02	 -7.9113e-02	  6.2700e+00	  6.2229e-03	  3.6723e-11	  3.1115e-03	
  6.0367e+02	 -7.8151e-02	  6.2702e+00	  6.2267e-03	  3.6699e-11	  3.1134e-03	
  6.0526e+02	 -7.7199e-02	  6.2703e+00	  6.2305e-03	  3.6676e-11	  3.1152e-03	
  6.0684e+02	 -7.6259e-02	  6.2705e+00	  6.2342e-03	  3.6652e-11	  3.1171e-03	
  6.0842e+02	 -7.5329e-02	  6.2706e+00	  6.2379e-03	  3.6630e-11	  3.1189e-03	
  6.1001e+02	 -7.4411e-02	  6.2708e+00	  6.2415e-03	  3.6607e-11	  3.1208e-03	
  6.1159e+02	 -7.3503e-02	  6.2710e+00	  6.2451e-03	  3.6585e-11	  3.1226e-03	
  6.1318e+02	 -7.2606e-02	  6.2711e+00	  6.2487e-03	  3.6562e-11	  3.1243e-03	
  6.1476e+02	 -7.1719e-02	  6.2713e+00	  6.2522e-03	  3.6541e-11	  3.1261e-03	
  6.1635e+02	 -7.0842e-02	  6.2714e+00	  6.2557e-03	  3.6519e-11	  3.1278e-03	
  6.1793e+02	 -6.9976e-02	  6.2716e+00	  6.2591e-03	  3.6498e-11	  3.1296e-03	
  6.1952e+02	 -6.9120e-02	  6.2717e+00	  6.2625e-03	  3.6477e-11	  3.1313e-03	
  6.2110e+02	 -6.8274e-02	  6.2719e+00	  6.2659e-03	  3.6456e-11	  3.1329e-03	
  6.2268e+02	 -6.7438e-02	  6.2720e+00	  6.2692e-03	  3.6436e-11	  3.1346e-03	
  6.2427e+02	 -6.6612e-02	  6.2722e+00	  6.2725e-03	  3.6416e-11	  3.1363e-03	
  6.2585e+02	 -6.5796e-02	  6.2723e+00	  6.2758e-03	  3.6396e-11	  3.1379e-03	
  6.2744e+02	 -6.4989e-02	  6.2724e+00	  6.2790e-03	  3.6376e-11	  3.1395e-03	
  6.2902e+02	 -6.4192e-02	  6.2726e+00	  6.2821e-03	  3.6357e-11	  3.1411e-03	
  6.3061e+02	 -6.3404e-02	  6.2727e+00	  6.2853e-03	  3.6337e-11	  3.1426e-03	
  6.3219e+02	 -6.2625e-02	  6.2729e+00	  6.2884e-03	  3.6318e-11	  3.1442e-03	
  6.3378e+02	 -6.1856e-02	  6.2730e+00	  6.2915e-03	  3.6300e-11	  3.1457e-03	
  6.3536e+02	 -6.1096e-02	  6.2731e+00	  6.2945e-03	  3.6281e-11	  3.1472e-03	
  6.3694e+02	 -6.0345e-02	  6.2733e+00	  6.2975e-03	  3.6263e-11	  3.1487e-03	
  6.3853e+02	 -5.9603e-02	  6.2734e+00	  6.3004e-03	  3.6245e-11	  3.1502e-03	
  6.4011e+02	 -5.8869e-02	  6.2735e+00	  6.3034e-03	  3.6227e-11	  3.1517e-03	
  6.4170e+02	 -5.8144e-02	  6.2736e+00	  6.3063e-03	  3.6210e-11	  3.1531e-03	
  6.4328e+02	 -5.7428e-02	  6.2738e+00	  6.3091e-03	  3.6192e-11	  3.1546e-03	
  6.4487e+02	 -5.6721e-02	  6.2739e+00	  6.3120e-03	  3.6175e-11	  3.1560e-03	
  6.4645e+02	 -5.6021e-02	  6.2740e+00	  6.3148e-03	  3.6158e-11	  3.1574e-03	
  6.4804e+02	 -5.5331e-02	  6.2741e+00	  6.3175e-03	  3.6141e-11	  3.1588e-03	
  6.4962e+02	 -5.4648e-02	  6.2743e+00	  6.3203e-03	  3.6125e-11	  3.1601e-03	
  6.5120e+02	 -5.3974e-02	  6.2744e+00	  6.3230e-03	  3.6109e-11	  3.1615e-03	
  6.5279e+02	 -5.3307e-02	  6.2745e+00	  6.3256e-03	  3.6093e-11	  3.1628e-03	
  6.5437e+02	 -5.2649e-02	  6.2746e+00	  6.3283e-03	  3.6077e-11	  3.1641e-03	
  6.5596e+02	 -5.1998e-02	  6.2747e+00	  6.3309e-03	  3.6061e-11	  3.1654e-03	
  6.5754e+02	 -5.1356e-02	  6.2748e+00	  6.3335e-03	  3.6046e-11	  3.1667e-03	
  6.5913e+02	 -5.0721e-02	  6.2749e+00	  6.3360e-03	  3.6030e-11	  3.1680e-03	
  6.6071e+02	 -5.0093e-02	  6.2751e+00	  6.3385e-03	  3.6015e-11	  3.1693e-03	
  6.6230e+02	 -4.9473e-02	  6.2752e+00	  6.3410e-03	  3.6000e-11	  3.1705e-03	
  6.6388e+02	 -4.8861e-02	  6.2753e+00	  6.3435e-03	  3.5986e-11	  3.1717e-03	
  6.6546e+02	 -4.8256e-02	  6.2754e+00	  6.3459e-03	  3.5971e-11	  3.1729e-03	
  6.6705e+02	 -4.7658e-02	  6.2755e+00	  6.3483e-03	  3.5957e-11	  3.1741e-03	
  6.6863e+02	 -4.7068e-02	  6.2756e+00	  6.3507e-03	  3.5943e-11	  3.1753e-03	
  6.7022e+02	 -4.6484e-02	  6.2757e+00	  6.3530e-03	  3.5929e-11	  3.1765e-03	
  6.7180e+02	 -4.5908e-02	  6.2758e+00	  6.3553e-03	  3.5915e-11	  3.1777e-03	
  6.7339e+02	 -4.5338e-02	  6.2759e+00	  6.3576e-03	  3.5901e-11	  3.1788e-03	
  6.7497e+02	 -4.4776e-02	  6.2760e+00	  6.3599e-03	  3.5888e-11	  3.1799e-03	
  6.7656e+02	 -4.4220e-02	  6.2761e+00	  6.3621e-03	  3.5875e-11	  3.1811e-03	
  6.7814e+02	 -4.3671e-02	  6.2762e+00	  6.3643e-03	  3.5861e-11	  3.1822e-03	
  6.7972e+02	 -4.3128e-02	  6.2763e+00	  6.3665e-03	  3.5848e-11	  3.1833e-03	
  6.8131e+02	 -4.2592e-02	  6.2764e+00	  6.3687e-03	  3.5836e-11	  3.1843e-03	
  6.8289e+02	 -4.2063e-02	  6.2765e+00	  6.3708e-03	  3.5823e-11	  3.1854e-03	
  6.8448e+02	 -4.1540e-02	  6.2766e+00	  6.3729e-03	  3.5811e-11	  3.1865e-03	
  6.8606e+02	 -4.1024e-02	  6.2767e+00	  6.3750e-03	  3.5798e-11	  3.1875e-03	
  6.8765e+02	 -4.0513e-02	  6.2767e+00	  6.3771e-03	  3.5786e-11	  3.1885e-03	
  6.8923e+02	 -4.0009e-02	  6.2768e+00	  6.3791e-03	  3.5774e-11	  3.1895e-03	
  6.9082e+02	 -3.9511e-02	  6.2769e+00	  6.3811e-03	  3.5762e-11	  3.1906e-03	
  6.9240e+02	 -3.9019e-02	  6.2770e+00	  6.3831e-03	  3.5751e-11	  3.1915e-03	
  6.9398e+02	 -3.8533e-02	  6.2771e+00	  6.3851e-03	  3.5739e-11	  3.1925e-03	
  6.9557e+02	 -3.8053e-02	  6.2772e+00	  6.3870e-03	  3.5728e-11	  3.1935e-03	
  6.9715e+02	 -3.7579e-02	  6.2773e+00	  6.3889e-03	  3.5716e-11	  3.1945e-03	
  6.9874e+02	 -3.7110e-02	  6.2773e+00	  6.3908e-03	  3.5705e-11	  3.1954e-03	
  7.0032e+02	 -3.6648e-02	  6.2774e+00	  6.3927e-03	  3.5694e-11	  3.1963e-03	
  7.0191e+02	 -3.6190e-02	  6.2775e+00	  6.3945e-03	  3.5683e-11	  3.1973e-03	
  7.0349e+02	 -3.5739e-02	  6.2776e+00	  6.3963e-03	  3.5673e-11	  3.1982e-03	
  7.0508e+02	 -3.5293e-02	  6.2777e+00	  6.3981e-03	  3.5662e-11	  3.1991e-03	
  7.0666e+02	 -3.4852e-02	  6.2777e+00	  6.3999e-03	  3.5652e-11	  3.2000e-03	
  7.0824e+02	 -3.4417e-02	  6.2778e+00	  6.4017e-03	  3.5641e-11	  3.2008e-03	
  7.0983e+02	 -3.3987e-02	  6.2779e+00	  6.4034e-03	  3.5631e-11	  3.2017e-03	
  7.1141e+02	 -3.3563e-02	  6.2780e+00	  6.4051e-03	  3.5621e-11	  3.2026e-03	
  7.1300e+02	 -3.3143e-02	  6.2781e+00	  6.4068e-03	  3.5611e-11	  3.2034e-03	
  7.1458e+02	 -3.2729e-02	  6.2781e+00	  6.4085e-03	  3.5601e-11	  3.2043e-03	
  7.1617e+02	 -3.2320e-02	  6.2782e+00	  6.4102e-03	  3.5592e-11	  3.2051e-03	
  7.1775e+02	 -3.1916e-02	  6.2783e+00	  6.4118e-03	  3.5582e-11	  3.2059e-03	
  7.1933e+02	 -3.1515e-02	  6.2783e+00	  6.4134e-03	  3.5573e-11	  3.2067e-03	
  7.2092e+02	 -3.1119e-02	  6.2784e+00	  6.4150e-03	  3.5564e-11	  3.2075e-03	
  7.2250e+02	 -3.0729e-02	  6.2785e+00	  6.4166e-03	  3.5554e-11	  3.2083e-03	
  7.2409e+02	 -3.0343e-02	  6.2786e+00	  6.4182e-03	  3.5545e-11	  3.2091e-03	
  7.2567e+02	 -2.9961e-02	  6.2786e+00	  6.4197e-03	  3.5536e-11	  3.2099e-03	
  7.2726e+02	 -2.9585e-02	  6.2787e+00	  6.4213e-03	  3.5527e-11	  3.2106e-03	
  7.2884e+02	 -2.9213e-02	  6.2788e+00	  6.4228e-03	  3.5519e-11	  3.2114e-03	
  7.3043e+02	 -2.8846e-02	  6.2788e+00	  6.4243e-03	  3.5510e-11	  3.2121e-03	
  7.3201e+02	 -2.8483e-02	  6.2789e+00	  6.4257e-03	  3.5501e-11	  3.2129e-03	
  7.3359e+02	 -2.8124e-02	  6.2789e+00	  6.4272e-03	  3.5493e-11	  3.2136e-03	
  7.3518e+02	 -2.7771e-02	  6.2790e+00	  6.4286e-03	  3.5485e-11	  3.2143e-03	
  7.3676e+02	 -2.7421e-02	  6.2791e+00	  6.4300e-03	  3.5476e-11	  3.2150e-03	
  7.3835e+02	 -2.7076e-02	  6.2791e+00	  6.4314e-03	  3.5468e-11	  3.2157e-03	
  7.3993e+02	 -2.6735e-02	  6.2792e+00	  6.4328e-03	  3.5460e-11	  3.2164e-03	
  7.4152e+02	 -2.6398e-02	  6.2793e+00	  6.4342e-03	  3.5452e-11	  3.2171e-03	
  7.4310e+02	 -2.6066e-02	  6.2793e+00	  6.4355e-03	  3.5445e-11	  3.2178e-03	
  7.4469e+02	 -2.5738e-02	  6.2794e+00	  6.4369e-03	  3.5437e-11	  3.2184e-03	
  7.4627e+02	 -2.5413e-02	  6.2794e+00	  6.4382e-03	  3.5429e-11	  3.2191e-03	
  7.4785e+02	 -2.5093e-02	  6.2795e+00	  6.4395e-03	  3.5422e-11	  3.2197e-03	
  7.4944e+02	 -2.4777e-02	  6.2795e+00	  6.4408e-03	  3.5414e-11	  3.2204e-03	
  7.5102e+02	 -2.4464e-02	  6.2796e+00	  6.4421e-03	  3.5407e-11	  3.2210e-03	
  7.5261e+02	 -2.4156e-02	  6.2797e+00	  6.4433e-03	  3.5400e-11	  3.2217e-03	
  7.5419e+02	 -2.3851e-02	  6.2797e+00	  6.4445e-03	  3.5393e-11	  3.2223e-03	
  7.5578e+02	 -2.3550e-02	  6.2798e+00	  6.4458e-03	  3.5386e-11	  3.2229e-03	
  7.5736e+02	 -2.3253e-02	  6.2798e+00	  6.4470e-03	  3.5379e-11	  3.2235e-03	
  7.5895e+02	 -2.2960e-02	  6.2799e+00	  6.4482e-03	  3.5372e-11	  3.2241e-03	
  7.6053e+02	 -2.2670e-02	  6.2799e+00	  6.4494e-03	  3.5365e-11	  3.2247e-03	
  7.6211e+02	 -2.2384e-02	  6.2800e+00	  6.4505e-03	  3.5358e-11	  3.2253e-03	
  7.6370e+02	 -2.2101e-02	  6.2800e+00	  6.4517e-03	  3.5352e-11	  3.2258e-03	
  7.6528e+02	 -2.1822e-02	  6.2801e+00	  6.4528e-03	  3.5345e-11	  3.2264e-03	
  7.6687e+02	 -2.1546e-02	  6.2801e+00	  6.4539e-03	  3.5339e-11	  3.2270e-03	
  7.6845e+02	 -2.1274e-02	  6.2802e+00	  6.4550e-03	  3.5332e-11	  3.2275e-03	
  7.7004e+02	 -2.1005e-02	  6.2802e+00	  6.4561e-03	  3.5326e-11	  3.2281e-03	
  7.7162e+02	 -2.0740e-02	  6.2803e+00	  6.4572e-03	  3.5320e-11	  3.2286e-03	
  7.7321e+02	 -2.0478e-02	  6.2803e+00	  6.4583e-03	  3.5314e-11	  3.2291e-03	
  7.7479e+02	 -2.0219e-02	  6.2804e+00	  6.4593e-03	  3.5308e-11	  3.2297e-03	
  7.7637e+02	 -1.9963e-02	  6.2804e+00	  6.4604e-03	  3.5302e-11	  3.2302e-03	
  7.7796e+02	 -1.9711e-02	  6.2804e+00	  6.4614e-03	  3.5296e-11	  3.2307e-03	
  7.7954e+02	 -1.9462e-02	  6.2805e+00	  6.4624e-03	  3.5290e-11	  3.2312e-03	
  7.8113e+02	 -1.9216e-02	  6.2805e+00	  6.4634e-03	  3.5284e-11	  3.2317e-03	
  7.8271e+02	 -1.8972e-02	  6.2806e+00	  6.4644e-03	  3.5279e-11	  3.2322e-03	
  7.8430e+02	 -1.8732e-02	  6.2806e+00	  6.4654e-03	  3.5273e-11	  3.2327e-03	
  7.8588e+02	 -1.8495e-02	  6.2807e+00	  6.4664e-03	  3.5268e-11	  3.2332e-03	
  7.8747e+02	 -1.8261e-02	  6.2807e+00	  6.4673e-03	  3.5262e-11	  3.2337e-03	
  7.8905e+02	 -1.8030e-02	  6.2808e+00	  6.4683e-03	  3.5257e-11	  3.2341e-03	
  7.9063e+02	 -1.7802e-02	  6.2808e+00	  6.4692e-03	  3.5251e-11	  3.2346e-03	
  7.9222e+02	 -1.7576e-02	  6.2808e+00	  6.4701e-03	  3.5246e-11	  3.2351e-03	
  7.9380e+02	 -1.7354e-02	  6.2809e+00	  6.4710e-03	  3.5241e-11	  3.2355e-03	
  7.9539e+02	 -1.7134e-02	  6.2809e+00	  6.4719e-03	  3.5236e-11	  3.2360e-03	
  7.9697e+02	 -1.6917e-02	  6.2809e+00	  6.4728e-03	  3.5231e-11	  3.2364e-03	
  7.9856e+02	 -1.6703e-02	  6.2810e+00	  6.4737e-03	  3.5226e-11	  3.2368e-03	
  8.0014e+02	 -1.6491e-02	  6.2810e+00	  6.4745e-03	  3.5221e-11	  3.2373e-03	
  8.0173e+02	 -1.6282e-02	  6.2811e+00	  6.4754e-03	  3.5216e-11	  3.2377e-03	
  8.0331e+02	 -1.6076e-02	  6.2811e+00	  6.4762e-03	  3.5211e-11	  3.2381e-03	
  8.0489e+02	 -1.5872e-02	  6.2811e+00	  6.4771e-03	  3.5207e-11	  3.2385e-03	
  8.0648e+02	 -1.5671e-02	  6.2812e+00	  6.4779e-03	  3.5202e-11	  3.2389e-03	
  8.0806e+02	 -1.5472e-02	  6.2812e+00	  6.4787e-03	  3.5197e-11	  3.2394e-03	
  8.0965e+02	 -1.5276e-02	  6.2812e+00	  6.4795e-03	  3.5193e-11	  3.2398e-03	
  8.1123e+02	 -1.5082e-02	  6.2813e+00	  6.4803e-03	  3.5188e-11	  3.2401e-03	
  8.1282e+02	 -1.4891e-02	  6.2813e+00	  6.4811e-03	  3.5184e-11	  3.2405e-03	
  8.1440e+02	 -1.4702e-02	  6.2813e+00	  6.4818e-03	  3.5179e-11	  3.2409e-03	
  8.1599e+02	 -1.4516e-02	  6.2814e+00	  6.4826e-03	  3.5175e-11	  3.2413e-03	
  8.1757e+02	 -1.4331e-02	  6.2814e+00	  6.4834e-03	  3.5171e-11	  3.2417e-03	
  8.1915e+02	 -1.4150e-02	  6.2814e+00	  6.4841e-03	  3.5167e-11	  3.2421e-03	
  8.2074e+02	 -1.3970e-02	  6.2815e+00	  6.4848e-03	  3.5162e-11	  3.2424e-03	
  8.2232e+02	 -1.3793e-02	  6.2815e+00	  6.4856e-03	  3.5158e-11	  3.2428e-03	
  8.2391e+02	 -1.3618e-02	  6.2815e+00	  6.4863e-03	  3.5154e-11	  3.2431e-03	
  8.2549e+02	 -1.3445e-02	  6.2816e+00	  6.4870e-03	  3.5150e-11	  3.2435e-03	
  8.2708e+02	 -1.3274e-02	  6.2816e+00	  6.4877e-03	  3.5146e-11	  3.2438e-03	
  8.2866e+02	 -1.3105e-02	  6.2816e+00	  6.4884e-03	  3.5142e-11	  3.2442e-03	
  8.3025e+02	 -1.2939e-02	  6.2817e+00	  6.4891e-03	  3.5139e-11	  3.2445e-03	
  8.3183e+02	 -1.2775e-02	  6.2817e+00	  6.4897e-03	  3.5135e-11	  3.2449e-03	
  8.3341e+02	 -1.2612e-02	  6.2817e+00	  6.4904e-03	  3.5131e-11	  3.2452e-03	
  8.3500e+02	 -1.2452e-02	  6.2818e+00	  6.4910e-03	  3.5127e-11	  3.2455e-03	
  8.3658e+02	 -1.2294e-02	  6.2818e+00	  6.4917e-03	  3.5124e-11	  3.2458e-03	
  8.3817e+02	 -1.2138e-02	  6.2818e+00	  6.4923e-03	  3.5120e-11	  3.2462e-03	
  8.3975e+02	 -1.1984e-02	  6.2818e+00	  6.4930e-03	  3.5116e-11	  3.2465e-03	
  8.4134e+02	 -1.1831e-02	  6.2819e+00	  6.4936e-03	  3.5113e-11	  3.2468e-03	
  8.4292e+02	 -1.1681e-02	  6.2819e+00	  6.4942e-03	  3.5109e-11	  3.2471e-03	
  8.4451e+02	 -1.1533e-02	  6.2819e+00	  6.4948e-03	  3.5106e-11	  3.2474e-03	
  8.4609e+02	 -1.1386e-02	  6.2819e+00	  6.4954e-03	  3.5103e-11	  3.2477e-03	
  8.4767e+02	 -1.1241e-02	  6.2820e+00	  6.4960e-03	  3.5099e-11	  3.2480e-03	
  8.4926e+02	 -1.1098e-02	  6.2820e+00	  6.4966e-03	  3.5096e-11	  3.2483e-03	
  8.5084e+02	 -1.0957e-02	  6.2820e+00	  6.4972e-03	  3.5093e-11	  3.2486e-03	
  8.5243e+02	 -1.0818e-02	  6.2820e+00	  6.4977e-03	  3.5090e-11	  3.2489e-03	
  8.5401e+02	 -1.0680e-02	  6.2821e+00	  6.4983e-03	  3.5086e-11	  3.2491e-03	
  8.5560e+02	 -1.0545e-02	  6.2821e+00	  6.4989e-03	  3.5083e-11	  3.2494e-03	
  8.5718e+02	 -1.0410e-02	  6.2821e+00	  6.4994e-03	  3.5080e-11	  3.2497e-03	
  8.5877e+02	 -1.0278e-02	  6.2821e+00	  6.4999e-03	  3.5077e-11	  3.2500e-03	
  8.6035e+02	 -1.0147e-02	  6.2822e+00	  6.5005e-03	  3.5074e-11	  3.2502e-03	
  8.6193e+02	 -1.0018e-02	  6.2822e+00	  6.5010e-03	  3.5071e-11	  3.2505e-03	
  8.6352e+02	 -9.8907e-03	  6.2822e+00	  6.5015e-03	  3.5068e-11	  3.2508e-03	
  8.6510e+02	 -9.7649e-03	  6.2822e+00	  6.5020e-03	  3.5065e-11	  3.2510e-03	
  8.6669e+02	 -9.6407e-03	  6.2823e+00	  6.5026e-03	  3.5062e-11	  3.2513e-03	
  8.6827e+02	 -9.5180e-03	  6.2823e+00	  6.5031e-03	  3.5060e-11	  3.2515e-03	
  8.6986e+02	 -9.3968e-03	  6.2823e+00	  6.5036e-03	  3.5057e-11	  3.2518e-03	
  8.7144e+02	 -9.2773e-03	  6.2823e+00	  6.5040e-03	  3.5054e-11	  3.2520e-03	
  8.7303e+02	 -9.1592e-03	  6.2823e+00	  6.5045e-03	  3.5051e-11	  3.2523e-03	
  8.7461e+02	 -9.0426e-03	  6.2824e+00	  6.5050e-03	  3.5049e-11	  3.2525e-03	
  8.7619e+02	 -8.9275e-03	  6.2824e+00	  6.5055e-03	  3.5046e-11	  3.2527e-03	
  8.7778e+02	 -8.8138e-03	  6.2824e+00	  6.5059e-03	  3.5043e-11	  3.2530e-03	
  8.7936e+02	 -8.7016e-03	  6.2824e+00	  6.5064e-03	  3.5041e-11	  3.2532e-03	
  8.8095e+02	 -8.5908e-03	  6.2824e+00	  6.5069e-03	  3.5038e-11	  3.2534e-03	
  8.8253e+02	 -8.4814e-03	  6.2825e+00	  6.5073e-03	  3.5036e-11	  3.2537e-03	
  8.8412e+02	 -8.3734e-03	  6.2825e+00	  6.5078e-03	  3.5033e-11	  3.2539e-03	
  8.8570e+02	 -8.2668e-03	  6.2825e+00	  6.5082e-03	  3.5031e-11	  3.2541e-03	
  8.8729e+02	 -8.1615e-03	  6.2825e+00	  6.5086e-03	  3.5028e-11	  3.2543e-03	
  8.8887e+02	 -8.0575e-03	  6.2825e+00	  6.5090e-03	  3.5026e-11	  3.2545e-03	
  8.9045e+02	 -7.9549e-03	  6.2826e+00	  6.5095e-03	  3.5023e-11	  3.2547e-03	
  8.9204e+02	 -7.8536e-03	  6.2826e+00	  6.5099e-03	  3.5021e-11	  3.2549e-03	
  8.9362e+02	 -7.7535e-03	  6.2826e+00	  6.5103e-03	  3.5019e-11	  3.2551e-03	
  8.9521e+02	 -7.6547e-03	  6.2826e+00	  6.5107e-03	  3.5017e-11	  3.2553e-03	
  8.9679e+02	 -7.5572e-03	  6.2826e+00	  6.5111e-03	  3.5014e-11	  3.2555e-03	
  8.9838e+02	 -7.4609e-03	  6.2827e+00	  6.5115e-03	  3.5012e-11	  3.2557e-03	
  8.9996e+02	 -7.3659e-03	  6.2827e+00	  6.5119e-03	  3.5010e-11	  3.2559e-03	
  9.0155e+02	 -7.2720e-03	  6.2827e+00	  6.5123e-03	  3.5008e-11	  3.2561e-03	
  9.0313e+02	 -7.1793e-03	  6.2827e+00	  6.5126e-03	  3.5006e-11	  3.2563e-03	
  9.0471e+02	 -7.0878e-03	  6.2827e+00	  6.5130e-03	  3.5003e-11	  3.2565e-03	
  9.0630e+02	 -6.9975e-03	  6.2827e+00	  6.5134e-03	  3.5001e-11	  3.2567e-03	
  9.0788e+02	 -6.9083e-03	  6.2828e+00	  6.5138e-03	  3.4999e-11	  3.2569e-03	
  9.0947e+02	 -6.8202e-03	  6.2828e+00	  6.5141e-03	  3.4997e-11	  3.2571e-03	
  9.1105e+02	 -6.7333e-03	  6.2828e+00	  6.5145e-03	  3.4995e-11	  3.2572e-03	
  9.1264e+02	 -6.6475e-03	  6.2828e+00	  6.5148e-03	  3.4993e-11	  3.2574e-03	
  9.1422e+02	 -6.5627e-03	  6.2828e+00	  6.5152e-03	  3.4991e-11	  3.2576e-03	
  9.1581e+02	 -6.4790e-03	  6.2828e+00	  6.5155e-03	  3.4989e-11	  3.2578e-03	
  9.1739e+02	 -6.3964e-03	  6.2828e+00	  6.5159e-03	  3.4988e-11	  3.2579e-03	
  9.1897e+02	 -6.3149e-03	  6.2829e+00	  6.5162e-03	  3.4986e-11	  3.2581e-03	
  9.2056e+02	 -6.2344e-03	  6.2829e+00	  6.5165e-03	  3.4984e-11	  3.2583e-03	
  9.2214e+02	 -6.1549e-03	  6.2829e+00	  6.5169e-03	  3.4982e-11	  3.2584e-03	
  9.2373e+02	 -6.0764e-03	  6.2829e+00	  6.5172e-03	  3.4980e-11	  3.2586e-03	
  9.2531e+02	 -5.9989e-03	  6.2829e+00	  6.5175e-03	  3.4978e-11	  3.2587e-03	
  9.2690e+02	 -5.9224e-03	  6.2829e+00	  6.5178e-03	  3.4977e-11	  3.2589e-03	
  9.2848e+02	 -5.8468e-03	  6.2829e+00	  6.5181e-03	  3.4975e-11	  3.2591e-03	
  9.3007e+02	 -5.7723e-03	  6.2830e+00	  6.5184e-03	  3.4973e-11	  3.2592e-03	
  9.3165e+02	 -5.6986e-03	  6.2830e+00	  6.5187e-03	  3.4972e-11	  3.2594e-03	
  9.3323e+02	 -5.6259e-03	  6.2830e+00	  6.5190e-03	  3.4970e-11	  3.2595e-03	
  9.3482e+02	 -5.5542e-03	  6.2830e+00	  6.5193e-03	  3.4968e-11	  3.2597e-03	
  9.3640e+02	 -5.4833e-03	  6.2830e+00	  6.5196e-03	  3.4967e-11	  3.2598e-03	
  9.3799e+02	 -5.4134e-03	  6.2830e+00	  6.5199e-03	  3.4965e-11	  3.2599e-03	
  9.3957e+02	 -5.3443e-03	  6.2830e+00	  6.5202e-03	  3.4963e-11	  3.2601e-03	
  9.4116e+02	 -5.2761e-03	  6.2830e+00	  6.5205e-03	  3.4962e-11	  3.2602e-03	
  9.4274e+02	 -5.2088e-03	  6.2831e+00	  6.5207e-03	  3.4960e-11	  3.2604e-03	
  9.4433e+02	 -5.1423e-03	  6.2831e+00	  6.5210e-03	  3.4959e-11	  3.2605e-03	
  9.4591e+02	 -5.0767e-03	  6.2831e+00	  6.5213e-03	  3.4957e-11	  3.2606e-03	
  9.4749e+02	 -5.0119e-03	  6.2831e+00	  6.5215e-03	  3.4956e-11	  3.2608e-03	
  9.4908e+02	 -4.9480e-03	  6.2831e+00	  6.5218e-03	  3.4954e-11	  3.2609e-03	
  9.5066e+02	 -4.8848e-03	  6.2831e+00	  6.5221e-03	  3.4953e-11	  3.2610e-03	
  9.5225e+02	 -4.8225e-03	  6.2831e+00	  6.5223e-03	  3.4951e-11	  3.2612e-03	
  9.5383e+02	 -4.7609e-03	  6.2831e+00	  6.5226e-03	  3.4950e-11	  3.2613e-03	
  9.5542e+02	 -4.7001e-03	  6.2831e+00	  6.5228e-03	  3.4949e-11	  3.2614e-03	
  9.5700e+02	 -4.6402e-03	  6.2832e+00	  6.5231e-03	  3.4947e-11	  3.2615e-03	
  9.5859e+02	 -4.5809e-03	  6.2832e+00	  6.5233e-03	  3.4946e-11	  3.2617e-03	
  9.6017e+02	 -4.5225e-03	  6.2832e+00	  6.5236e-03	  3.4945e-11	  3.2618e-03	
  9.6175e+02	 -4.4647e-03	  6.2832e+00	  6.5238e-03	  3.4943e-11	  3.2619e-03	
  9.6334e+02	 -4.4077e-03	  6.2832e+00	  6.5240e-03	  3.4942e-11	  3.2620e-03	
  9.6492e+02	 -4.3515e-03	  6.2832e+00	  6.5243e-03	  3.4941e-11	  3.2621e-03	
  9.6651e+02	 -4.2959e-03	  6.2832e+00	  6.5245e-03	  3.4939e-11	  3.2622e-03	
  9.6809e+02	 -4.2411e-03	  6.2832e+00	  6.5247e-03	  3.4938e-11	  3.2624e-03	
  9.6968e+02	 -4.1869e-03	  6.2832e+00	  6.5249e-03	  3.4937e-11	  3.2625e-03	
  9.7126e+02	 -4.1334e-03	  6.2833e+00	  6.5252e-03	  3.4936e-11	  3.2626e-03	
  9.7285e+02	 -4.0807e-03	  6.2833e+00	  6.5254e-03	  3.4934e-11	  3.2627e-03	
  9.7443e+02	 -4.0286e-03	  6.2833e+00	  6.5256e-03	  3.4933e-11	  3.2628e-03	
  9.7601e+02	 -3.9771e-03	  6.2833e+00	  6.5258e-03	  3.4932e-11	  3.2629e-03	
  9.7760e+02	 -3.9263e-03	  6.2833e+00	  6.5260e-03	  3.4931e-11	  3.2630e-03	
  9.7918e+02	 -3.8762e-03	  6.2833e+00	  6.5262e-03	  3.4930e-11	  3.2631e-03	
  9.8077e+02	 -3.8267e-03	  6.2833e+00	  6.5264e-03	  3.4929e-11	  3.2632e-03	
  9.8235e+02	 -3.7778e-03	  6.2833e+00	  6.5266e-03	  3.4927e-11	  3.2633e-03	
  9.8394e+02	 -3.7296e-03	  6.2833e+00	  6.5268e-03	  3.4926e-11	  3.2634e-03	
  9.8552e+02	 -3.6819e-03	  6.2833e+00	  6.5270e-03	  3.4925e-11	  3.2635e-03	
  9.8711e+02	 -3.6349e-03	  6.2833e+00	  6.5272e-03	  3.4924e-11	  3.2636e-03	
  9.8869e+02	 -3.5885e-03	  6.2833e+00	  6.5274e-03	  3.4923e-11	  3.2637e-03	
  9.9027e+02	 -3.5427e-03	  6.2834e+00	  6.5276e-03	  3.4922e-11	  3.2638e-03	
  9.9186e+02	 -3.4974e-03	  6.2834e+00	  6.5278e-03	  3.4921e-11	  3.2639e-03	
  9.9344e+02	 -3.4527e-03	  6.2834e+00	  6.5279e-03	  3.4920e-11	  3.2640e-03	
  9.9503e+02	 -3.4086e-03	  6.2834e+00	  6.5281e-03	  3.4919e-11	  3.2641e-03	
  9.9661e+02	 -3.3651e-03	  6.2834e+00	  6.5283e-03	  3.4918e-11	  3.2642e-03	
  9.9820e+02	 -3.3221e-03	  6.2834e+00	  6.5285e-03	  3.4917e-11	  3.2642e-03	
  9.9978e+02	 -3.2797e-03	  6.2834e+00	  6.5287e-03	  3.4916e-11	  3.2643e-03	
  1.0014e+03	 -3.2378e-03	  6.2834e+00	  6.5288e-03	  3.4915e-11	  3.2644e-03	
  1.0029e+03	 -3.1964e-03	  6.2834e+00	  6.5290e-03	  3.4914e-11	  3.2645e-03	
  1.0045e+03	 -3.1556e-03	  6.2834e+00	  6.5292e-03	  3.4913e-11	  3.2646e-03	
  1.0061e+03	 -3.1152e-03	  6.2834e+00	  6.5293e-03	  3.4912e-11	  3.2647e-03	
  1.0077e+03	 -3.0754e-03	  6.2834e+00	  6.5295e-03	  3.4911e-11	  3.2648e-03	
  1.0093e+03	 -3.0362e-03	  6.2834e+00	  6.5297e-03	  3.4910e-11	  3.2648e-03	
  1.0109e+03	 -2.9974e-03	  6.2835e+00	  6.5298e-03	  3.4910e-11	  3.2649e-03	
  1.0125e+03	 -2.9591e-03	  6.2835e+00	  6.5300e-03	  3.4909e-11	  3.2650e-03	
  1.0140e+03	 -2.9213e-03	  6.2835e+00	  6.5301e-03	  3.4908e-11	  3.2651e-03	
  1.0156e+03	 -2.8839e-03	  6.2835e+00	  6.5303e-03	  3.4907e-11	  3.2651e-03	
  1.0172e+03	 -2.8471e-03	  6.2835e+00	  6.5304e-03	  3.4906e-11	  3.2652e-03	
  1.0188e+03	 -2.8107e-03	  6.2835e+00	  6.5306e-03	  3.4905e-11	  3.2653e-03	
  1.0204e+03	 -2.7748e-03	  6.2835e+00	  6.5307e-03	  3.4904e-11	  3.2654e-03	
  1.0220e+03	 -2.7393e-03	  6.2835e+00	  6.5309e-03	  3.4904e-11	  3.2654e-03	
  1.0235e+03	 -2.7043e-03	  6.2835e+00	  6.5310e-03	  3.4903e-11	  3.2655e-03	
  1.0251e+03	 -2.6697e-03	  6.2835e+00	  6.5312e-03	  3.4902e-11	  3.2656e-03	
  1.0267e+03	 -2.6356e-03	  6.2835e+00	  6.5313e-03	  3.4901e-11	  3.2657e-03	
  1.0283e+03	 -2.6019e-03	  6.2835e+00	  6.5314e-03	  3.4900e-11	  3.2657e-03	
  1.0299e+03	 -2.5687e-03	  6.2835e+00	  6.5316e-03	  3.4900e-11	  3.2658e-03	
  1.0315e+03	 -2.5359e-03	  6.2835e+00	  6.5317e-03	  3.4899e-11	  3.2659e-03	
  1.0331e+03	 -2.5034e-03	  6.2835e+00	  6.5319e-03	  3.4898e-11	  3.2659e-03	
  1.0346e+03	 -2.4715e-03	  6.2836e+00	  6.5320e-03	  3.4897e-11	  3.2660e-03	
  1.0362e+03	 -2.4399e-03	  6.2836e+00	  6.5321e-03	  3.4897e-11	  3.2661e-03	
  1.0378e+03	 -2.4087e-03	  6.2836e+00	  6.5322e-03	  3.4896e-11	  3.2661e-03	
  1.0394e+03	 -2.3779e-03	  6.2836e+00	  6.5324e-03	  3.4895e-11	  3.2662e-03	
  1.0410e+03	 -2.3475e-03	  6.2836e+00	  6.5325e-03	  3.4895e-11	  3.2662e-03	
  1.0426e+03	 -2.3175e-03	  6.2836e+00	  6.5326e-03	  3.4894e-11	  3.2663e-03	
  1.0441e+03	 -2.2879e-03	  6.2836e+00	  6.5327e-03	  3.4893e-11	  3.2664e-03	
  1.0457e+03	 -2.2586e-03	  6.2836e+00	  6.5329e-03	  3.4893e-11	  3.2664e-03	
  1.0473e+03	 -2.2297e-03	  6.2836e+00	  6.5330e-03	  3.4892e-11	  3.2665e-03	
  1.0489e+03	 -2.2012e-03	  6.2836e+00	  6.5331e-03	  3.4891e-11	  3.2665e-03	
  1.0505e+03	 -2.1731e-03	  6.2836e+00	  6.5332e-03	  3.4891e-11	  3.2666e-03	
  1.0521e+03	 -2.1453e-03	  6.2836e+00	  6.5333e-03	  3.4890e-11	  3.2667e-03	
  1.0537e+03	 -2.1179e-03	  6.2836e+00	  6.5334e-03	  3.4889e-11	  3.2667e-03	
  1.0552e+03	 -2.0908e-03	  6.2836e+00	  6.5335e-03	  3.4889e-11	  3.2668e-03	
  1.0568e+03	 -2.0641e-03	  6.2836e+00	  6.5337e-03	  3.4888e-11	  3.2668e-03	
  1.0584e+03	 -2.0377e-03	  6.2836e+00	  6.5338e-03	  3.4888e-11	  3.2669e-03	
  1.0600e+03	 -2.0116e-03	  6.2836e+00	  6.5339e-03	  3.4887e-11	  3.2669e-03	
  1.0616e+03	 -1.9859e-03	  6.2836e+00	  6.5340e-03	  3.4886e-11	  3.2670e-03	
  1.0632e+03	 -1.9605e-03	  6.2836e+00	  6.5341e-03	  3.4886e-11	  3.2670e-03	
  1.0647e+03	 -1.9355e-03	  6.2836e+00	  6.5342e-03	  3.4885e-11	  3.2671e-03	
  1.0663e+03	 -1.9107e-03	  6.2837e+00	  6.5343e-03	  3.4885e-11	  3.2671e-03	
  1.0679e+03	 -1.8863e-03	  6.2837e+00	  6.5344e-03	  3.4884e-11	  3.2672e-03	
  1.0695e+03	 -1.8622e-03	  6.2837e+00	  6.5345e-03	  3.4884e-11	  3.2672e-03	
  1.0711e+03	 -1.8384e-03	  6.2837e+00	  6.5346e-03	  3.4883e-11	  3.2673e-03	
  1.0727e+03	 -1.8149e-03	  6.2837e+00	  6.5347e-03	  3.4882e-11	  3.2673e-03	
  1.0742e+03	 -1.7917e-03	  6.2837e+00	  6.5348e-03	  3.4882e-11	  3.2674e-03	
  1.0758e+03	 -1.7687e-03	  6.2837e+00	  6.5349e-03	  3.4881e-11	  3.2674e-03	
  1.0774e+03	 -1.7461e-03	  6.2837e+00	  6.5350e-03	  3.4881e-11	  3.2675e-03	
  1.0790e+03	 -1.7238e-03	  6.2837e+00	  6.5351e-03	  3.4880e-11	  3.2675e-03	
  1.0806e+03	 -1.7018e-03	  6.2837e+00	  6.5351e-03	  3.4880e-11	  3.2676e-03	
  1.0822e+03	 -1.6800e-03	  6.2837e+00	  6.5352e-03	  3.4879e-11	  3.2676e-03	
  1.0838e+03	 -1.6585e-03	  6.2837e+00	  6.5353e-03	  3.4879e-11	  3.2677e-03	
  1.0853e+03	 -1.6373e-03	  6.2837e+00	  6.5354e-03	  3.4878e-11	  3.2677e-03	
  1.0869e+03	 -1.6164e-03	  6.2837e+00	  6.5355e-03	  3.4878e-11	  3.2677e-03	
  1.0885e+03	 -1.5957e-03	  6.2837e+00	  6.5356e-03	  3.4877e-11	  3.2678e-03	
  1.0901e+03	 -1.5753e-03	  6.2837e+00	  6.5357e-03	  3.4877e-11	  3.2678e-03	
  1.0917e+03	 -1.5551e-03	  6.2837e+00	  6.5358e-03	  3.4876e-11	  3.2679e-03	
  1.0933e+03	 -1.5353e-03	  6.2837e+00	  6.5358e-03	  3.4876e-11	  3.2679e-03	
  1.0948e+03	 -1.5156e-03	  6.2837e+00	  6.5359e-03	  3.4876e-11	  3.2680e-03	
  1.0964e+03	 -1.4962e-03	  6.2837e+00	  6.5360e-03	  3.4875e-11	  3.2680e-03	
  1.0980e+03	 -1.4771e-03	  6.2837e+00	  6.5361e-03	  3.4875e-11	  3.2680e-03	
  1.0996e+03	 -1.4582e-03	  6.2837e+00	  6.5362e-03	  3.4874e-11	  3.2681e-03	
  1.1012e+03	 -1.4396e-03	  6.2837e+00	  6.5362e-03	  3.4874e-11	  3.2681e-03	
  1.1028e+03	 -1.4211e-03	  6.2837e+00	  6.5363e-03	  3.4873e-11	  3.2682e-03	
  1.1044e+03	 -1.4030e-03	  6.2837e+00	  6.5364e-03	  3.4873e-11	  3.2682e-03	
  1.1059e+03	 -1.3850e-03	  6.2837e+00	  6.5365e-03	  3.4873e-11	  3.2682e-03	
  1.1075e+03	 -1.3673e-03	  6.2838e+00	  6.5365e-03	  3.4872e-11	  3.2683e-03	
  1.1091e+03	 -1.3498e-03	  6.2838e+00	  6.5366e-03	  3.4872e-11	  3.2683e-03	
  1.1107e+03	 -1.3326e-03	  6.2838e+00	  6.5367e-03	  3.4871e-11	  3.2683e-03	
  1.1123e+03	 -1.3155e-03	  6.2838e+00	  6.5367e-03	  3.4871e-11	  3.2684e-03	
  1.1139e+03	 -1.2987e-03	  6.2838e+00	  6.5368e-03	  3.4871e-11	  3.2684e-03	
  1.1154e+03	 -1.2821e-03	  6.2838e+00	  6.5369e-03	  3.4870e-11	  3.2684e-03	
  1.1170e+03	 -1.2657e-03	  6.2838e+00	  6.5369e-03	  3.4870e-11	  3.2685e-03	
  1.1186e+03	 -1.2495e-03	  6.2838e+00	  6.5370e-03	  3.4869e-11	  3.2685e-03	
  1.1202e+03	 -1.2335e-03	  6.2838e+00	  6.5371e-03	  3.4869e-11	  3.2685e-03	
  1.1218e+03	 -1.2177e-03	  6.2838e+00	  6.5371e-03	  3.4869e-11	  3.2686e-03	
  1.1234e+03	 -1.2022e-03	  6.2838e+00	  6.5372e-03	  3.4868e-11	  3.2686e-03	
  1.1250e+03	 -1.1868e-03	  6.2838e+00	  6.5373e-03	  3.4868e-11	  3.2686e-03	
  1.1265e+03	 -1.1716e-03	  6.2838e+00	  6.5373e-03	  3.4868e-11	  3.2687e-03	
  1.1281e+03	 -1.1566e-03	  6.2838e+00	  6.5374e-03	  3.4867e-11	  3.2687e-03	
  1.1297e+03	 -1.1418e-03	  6.2838e+00	  6.5375e-03	  3.4867e-11	  3.2687e-03	
  1.1313e+03	 -1.1272e-03	  6.2838e+00	  6.5375e-03	  3.4867e-11	  3.2688e-03	
  1.1329e+03	 -1.1128e-03	  6.2838e+00	  6.5376e-03	  3.4866e-11	  3.2688e-03	
  1.1345e+03	 -1.0986e-03	  6.2838e+00	  6.5376e-03	  3.4866e-11	  3.2688e-03	
  1.1360e+03	 -1.0845e-03	  6.2838e+00	  6.5377e-03	  3.4866e-11	  3.2688e-03	
  1.1376e+03	 -1.0706e-03	  6.2838e+00	  6.5377e-03	  3.4865e-11	  3.2689e-03	
  1.1392e+03	 -1.0569e-03	  6.2838e+00	  6.5378e-03	  3.4865e-11	  3.2689e-03	
  1.1408e+03	 -1.0434e-03	  6.2838e+00	  6.5379e-03	  3.4865e-11	  3.2689e-03	
  1.1424e+03	 -1.0301e-03	  6.2838e+00	  6.5379e-03	  3.4864e-11	  3.2690e-03	
  1.1440e+03	 -1.0169e-03	  6.2838e+00	  6.5380e-03	  3.4864e-11	  3.2690e-03	
  1.1455e+03	 -1.0039e-03	  6.2838e+00	  6.5380e-03	  3.4864e-11	  3.2690e-03	
  1.1471e+03	 -9.9103e-04	  6.2838e+00	  6.5381e-03	  3.4864e-11	  3.2690e-03	
  1.1487e+03	 -9.7835e-04	  6.2838e+00	  6.5381e-03	  3.4863e-11	  3.2691e-03	
  1.1503e+03	 -9.6584e-04	  6.2838e+00	  6.5382e-03	  3.4863e-11	  3.2691e-03	
  1.1519e+03	 -9.5348e-04	  6.2838e+00	  6.5382e-03	  3.4863e-11	  3.2691e-03	
  1.1535e+03	 -9.4128e-04	  6.2838e+00	  6.5383e-03	  3.4862e-11	  3.2691e-03	
  1.1551e+03	 -9.2924e-04	  6.2838e+00	  6.5383e-03	  3.4862e-11	  3.2692e-03	
  1.1566e+03	 -9.1735e-04	  6.2838e+00	  6.5384e-03	  3.4862e-11	  3.2692e-03	
  1.1582e+03	 -9.0561e-04	  6.2838e+00	  6.5384e-03	  3.4862e-11	  3.2692e-03	
  1.1598e+03	 -8.9403e-04	  6.2838e+00	  6.5385e-03	  3.4861e-11	  3.2692e-03	
  1.1614e+03	 -8.8259e-04	  6.2838e+00	  6.5385e-03	  3.4861e-11	  3.2693e-03	
  1.1630e+03	 -8.7130e-04	  6.2838e+00	  6.5386e-03	  3.4861e-11	  3.2693e-03	
  1.1646e+03	 -8.6015e-04	  6.2838e+00	  6.5386e-03	  3.4861e-11	  3.2693e-03	
  1.1661e+03	 -8.4915e-04	  6.2838e+00	  6.5387e-03	  3.4860e-11	  3.2693e-03	
  1.1677e+03	 -8.3828e-04	  6.2838e+00	  6.5387e-03	  3.4860e-11	  3.2694e-03	
  1.1693e+03	 -8.2756e-04	  6.2838e+00	  6.5387e-03	  3.4860e-11	  3.2694e-03	
  1.1709e+03	 -8.1697e-04	  6.2839e+00	  6.5388e-03	  3.4860e-11	  3.2694e-03	
  1.1725e+03	 -8.0651e-04	  6.2839e+00	  6.5388e-03	  3.4859e-11	  3.2694e-03	
  1.1741e+03	 -7.9620e-04	  6.2839e+00	  6.5389e-03	  3.4859e-11	  3.2694e-03	
  1.1757e+03	 -7.8601e-04	  6.2839e+00	  6.5389e-03	  3.4859e-11	  3.2695e-03	
  1.1772e+03	 -7.7595e-04	  6.2839e+00	  6.5390e-03	  3.4859e-11	  3.2695e-03	
  1.1788e+03	 -7.6602e-04	  6.2839e+00	  6.5390e-03	  3.4858e-11	  3.2695e-03	
  1.1804e+03	 -7.5622e-04	  6.2839e+00	  6.5390e-03	  3.4858e-11	  3.2695e-03	
  1.1820e+03	 -7.4655e-04	  6.2839e+00	  6.5391e-03	  3.4858e-11	  3.2695e-03	
  1.1836e+03	 -7.3699e-04	  6.2839e+00	  6.5391e-03	  3.4858e-11	  3.2696e-03	
  1.1852e+03	 -7.2756e-04	  6.2839e+00	  6.5392e-03	  3.4858e-11	  3.2696e-03	
  1.1867e+03	 -7.1825e-04	  6.2839e+00	  6.5392e-03	  3.4857e-11	  3.2696e-03	
  1.1883e+03	 -7.0906e-04	  6.2839e+00	  6.5392e-03	  3.4857e-11	  3.2696e-03	
  1.1899e+03	 -6.9999e-04	  6.2839e+00	  6.5393e-03	  3.4857e-11	  3.2696e-03	
  1.1915e+03	 -6.9103e-04	  6.2839e+00	  6.5393e-03	  3.4857e-11	  3.2697e-03	
  1.1931e+03	 -6.8219e-04	  6.2839e+00	  6.5393e-03	  3.4857e-11	  3.2697e-03	
  1.1947e+03	 -6.7346e-04	  6.2839e+00	  6.5394e-03	  3.4856e-11	  3.2697e-03	
  1.1963e+03	 -6.6485e-04	  6.2839e+00	  6.5394e-03	  3.4856e-11	  3.2697e-03	
  1.1978e+03	 -6.5634e-04	  6.2839e+00	  6.5395e-03	  3.4856e-11	  3.2697e-03	
  1.1994e+03	 -6.4794e-04	  6.2839e+00	  6.5395e-03	  3.4856e-11	  3.2697e-03	
  1.2010e+03	 -6.3965e-04	  6.2839e+00	  6.5395e-03	  3.4856e-11	  3.2698e-03	
  1.2026e+03	 -6.3146e-04	  6.2839e+00	  6.5396e-03	  3.4855e-11	  3.2698e-03	
  1.2042e+03	 -6.2338e-04	  6.2839e+00	  6.5396e-03	  3.4855e-11	  3.2698e-03	
  1.2058e+03	 -6.1541e-04	  6.2839e+00	  6.5396e-03	  3.4855e-11	  3.2698e-03	
  1.2073e+03	 -6.0753e-04	  6.2839e+00	  6.5397e-03	  3.4855e-11	  3.2698e-03	
  1.2089e+03	 -5.9976e-04	  6.2839e+00	  6.5397e-03	  3.4855e-11	  3.2698e-03	
  1.2105e+03	 -5.9208e-04	  6.2839e+00	  6.5397e-03	  3.4854e-11	  3.2699e-03	
  1.2121e+03	 -5.8451e-04	  6.2839e+00	  6.5397e-03	  3.4854e-11	  3.2699e-03	
  1.2137e+03	 -5.7703e-04	  6.2839e+00	  6.5398e-03	  3.4854e-11	  3.2699e-03	
  1.2153e+03	 -5.6964e-04	  6.2839e+00	  6.5398e-03	  3.4854e-11	  3.2699e-03	
  1.2168e+03	 -5.6235e-04	  6.2839e+00	  6.5398e-03	  3.4854e-11	  3.2699e-03	
  1.2184e+03	 -5.5516e-04	  6.2839e+00	  6.5399e-03	  3.4854e-11	  3.2699e-03	
  1.2200e+03	 -5.4805e-04	  6.2839e+00	  6.5399e-03	  3.4853e-11	  3.2699e-03	
  1.2216e+03	 -5.4104e-04	  6.2839e+00	  6.5399e-03	  3.4853e-11	  3.2700e-03	
  1.2232e+03	 -5.3412e-04	  6.2839e+00	  6.5400e-03	  3.4853e-11	  3.2700e-03	
  1.2248e+03	 -5.2728e-04	  6.2839e+00	  6.5400e-03	  3.4853e-11	  3.2700e-03	
  1.2264e+03	 -5.2053e-04	  6.2839e+00	  6.5400e-03	  3.4853e-11	  3.2700e-03	
  1.2279e+03	 -5.1387e-04	  6.2839e+00	  6.5400e-03	  3.4853e-11	  3.2700e-03	
  1.2295e+03	 -5.0730e-04	  6.2839e+00	  6.5401e-03	  3.4853e-11	  3.2700e-03	
  1.2311e+03	 -5.0081e-04	  6.2839e+00	  6.5401e-03	  3.4852e-11	  3.2700e-03	
  1.2327e+03	 -4.9440e-04	  6.2839e+00	  6.5401e-03	  3.4852e-11	  3.2701e-03	
  1.2343e+03	 -4.8807e-04	  6.2839e+00	  6.5401e-03	  3.4852e-11	  3.2701e-03	
  1.2359e+03	 -4.8182e-04	  6.2839e+00	  6.5402e-03	  3.4852e-11	  3.2701e-03	
  1.2374e+03	 -4.7566e-04	  6.2839e+00	  6.5402e-03	  3.4852e-11	  3.2701e-03	
  1.2390e+03	 -4.6957e-04	  6.2839e+00	  6.5402e-03	  3.4852e-11	  3.2701e-03	
  1.2406e+03	 -4.6356e-04	  6.2839e+00	  6.5402e-03	  3.4852e-11	  3.2701e-03	
  1.2422e+03	 -4.5763e-04	  6.2839e+00	  6.5403e-03	  3.4851e-11	  3.2701e-03	
  1.2438e+03	 -4.5177e-04	  6.2839e+00	  6.5403e-03	  3.4851e-11	  3.2701e-03	
  1.2454e+03	 -4.4599e-04	  6.2839e+00	  6.5403e-03	  3.4851e-11	  3.2702e-03	
  1.2470e+03	 -4.4028e-04	  6.2839e+00	  6.5403e-03	  3.4851e-11	  3.2702e-03	
  1.2485e+03	 -4.3465e-04	  6.2839e+00	  6.5404e-03	  3.4851e-11	  3.2702e-03	
  1.2501e+03	 -4.2909e-04	  6.2839e+00	  6.5404e-03	  3.4851e-11	  3.2702e-03	
  1.2517e+03	 -4.2359e-04	  6.2839e+00	  6.5404e-03	  3.4851e-11	  3.2702e-03	
  1.2533e+03	 -4.1817e-04	  6.2839e+00	  6.5404e-03	  3.4850e-11	  3.2702e-03	
  1.2549e+03	 -4.1282e-04	  6.2839e+00	  6.5405e-03	  3.4850e-11	  3.2702e-03	
  1.2565e+03	 -4.0754e-04	  6.2839e+00	  6.5405e-03	  3.4850e-11	  3.2702e-03	
  1.2580e+03	 -4.0232e-04	  6.2839e+00	  6.5405e-03	  3.4850e-11	  3.2702e-03	
  1.2596e+03	 -3.9717e-04	  6.2839e+00	  6.5405e-03	  3.4850e-11	  3.2703e-03	
  1.2612e+03	 -3.9209e-04	  6.2839e+00	  6.5405e-03	  3.4850e-11	  3.2703e-03	
  1.2628e+03	 -3.8707e-04	  6.2839e+00	  6.5406e-03	  3.4850e-11	  3.2703e-03	
  1.2644e+03	 -3.8212e-04	  6.2839e+00	  6.5406e-03	  3.4850e-11	  3.2703e-03	
  1.2660e+03	 -3.7723e-04	  6.2839e+00	  6.5406e-03	  3.4850e-11	  3.2703e-03	
  1.2676e+03	 -3.7240e-04	  6.2839e+00	  6.5406e-03	  3.4849e-11	  3.2703e-03	
  1.2691e+03	 -3.6764e-04	  6.2839e+00	  6.5406e-03	  3.4849e-11	  3.2703e-03	
  1.2707e+03	 -3.6293e-04	  6.2839e+00	  6.5407e-03	  3.4849e-11	  3.2703e-03	
  1.2723e+03	 -3.5829e-04	  6.2839e+00	  6.5407e-03	  3.4849e-11	  3.2703e-03	
  1.2739e+03	 -3.5370e-04	  6.2839e+00	  6.5407e-03	  3.4849e-11	  3.2703e-03	
  1.2755e+03	 -3.4917e-04	  6.2839e+00	  6.5407e-03	  3.4849e-11	  3.2704e-03	
  1.2771e+03	 -3.4470e-04	  6.2839e+00	  6.5407e-03	  3.4849e-11	  3.2704e-03	
  1.2786e+03	 -3.4029e-04	  6.2839e+00	  6.5408e-03	  3.4849e-11	  3.2704e-03	
  1.2802e+03	 -3.3594e-04	  6.2839e+00	  6.5408e-03	  3.4849e-11	  3.2704e-03	
  1.2818e+03	 -3.3164e-04	  6.2839e+00	  6.5408e-03	  3.4848e-11	  3.2704e-03	
  1.2834e+03	 -3.2739e-04	  6.2839e+00	  6.5408e-03	  3.4848e-11	  3.2704e-03	
  1.2850e+03	 -3.2320e-04	  6.2839e+00	  6.5408e-03	  3.4848e-11	  3.2704e-03	
  1.2866e+03	 -3.1907e-04	  6.2839e+00	  6.5408e-03	  3.4848e-11	  3.2704e-03	
  1.2881e+03	 -3.1498e-04	  6.2839e+00	  6.5409e-03	  3.4848e-11	  3.2704e-03	
  1.2897e+03	 -3.1095e-04	  6.2839e+00	  6.5409e-03	  3.4848e-11	  3.2704e-03	
  1.2913e+03	 -3.0697e-04	  6.2839e+00	  6.5409e-03	  3.4848e-11	  3.2704e-03	
  1.2929e+03	 -3.0304e-04	  6.2839e+00	  6.5409e-03	  3.4848e-11	  3.2705e-03	
  1.2945e+03	 -2.9917e-04	  6.2839e+00	  6.5409e-03	  3.4848e-11	  3.2705e-03	
  1.2961e+03	 -2.9534e-04	  6.2839e+00	  6.5409e-03	  3.4848e-11	  3.2705e-03	
  1.2977e+03	 -2.9156e-04	  6.2839e+00	  6.5410e-03	  3.4848e-11	  3.2705e-03	
  1.2992e+03	 -2.8782e-04	  6.2839e+00	  6.5410e-03	  3.4847e-11	  3.2705e-03	
  1.3008e+03	 -2.8414e-04	  6.2839e+00	  6.5410e-03	  3.4847e-11	  3.2705e-03	
  1.3024e+03	 -2.8050e-04	  6.2839e+00	  6.5410e-03	  3.4847e-11	  3.2705e-03	
  1.3040e+03	 -2.7691e-04	  6.2839e+00	  6.5410e-03	  3.4847e-11	  3.2705e-03	
  1.3056e+03	 -2.7337e-04	  6.2839e+00	  6.5410e-03	  3.4847e-11	  3.2705e-03	
  1.3072e+03	 -2.6987e-04	  6.2840e+00	  6.5410e-03	  3.4847e-11	  3.2705e-03	
  1.3087e+03	 -2.6642e-04	  6.2840e+00	  6.5411e-03	  3.4847e-11	  3.2705e-03	
  1.3103e+03	 -2.6301e-04	  6.2840e+00	  6.5411e-03	  3.4847e-11	  3.2705e-03	
  1.3119e+03	 -2.5964e-04	  6.2840e+00	  6.5411e-03	  3.4847e-11	  3.2705e-03	
  1.3135e+03	 -2.5632e-04	  6.2840e+00	  6.5411e-03	  3.4847e-11	  3.2705e-03	
  1.3151e+03	 -2.5304e-04	  6.2840e+00	  6.5411e-03	  3.4847e-11	  3.2706e-03	
  1.3167e+03	 -2.4980e-04	  6.2840e+00	  6.5411e-03	  3.4847e-11	  3.2706e-03	
  1.3183e+03	 -2.4660e-04	  6.2840e+00	  6.5411e-03	  3.4847e-11	  3.2706e-03	
  1.3198e+03	 -2.4345e-04	  6.2840e+00	  6.5411e-03	  3.4846e-11	  3.2706e-03	
  1.3214e+03	 -2.4033e-04	  6.2840e+00	  6.5412e-03	  3.4846e-11	  3.2706e-03	
  1.3230e+03	 -2.3725e-04	  6.2840e+00	  6.5412e-03	  3.4846e-11	  3.2706e-03	
  1.3246e+03	 -2.3422e-04	  6.2840e+00	  6.5412e-03	  3.4846e-11	  3.2706e-03	
  1.3262e+03	 -2.3122e-04	  6.2840e+00	  6.5412e-03	  3.4846e-11	  3.2706e-03	
  1.3278e+03	 -2.2826e-04	  6.2840e+00	  6.5412e-03	  3.4846e-11	  3.2706e-03	
  1.3293e+03	 -2.2534e-04	  6.2840e+00	  6.5412e-03	  3.4846e-11	  3.2706e-03	
  1.3309e+03	 -2.2245e-04	  6.2840e+00	  6.5412e-03	  3.4846e-11	  3.2706e-03	
  1.3325e+03	 -2.1961e-04	  6.2840e+00	  6.5412e-03	  3.4846e-11	  3.2706e-03	
  1.3341e+03	 -2.1680e-04	  6.2840e+00	  6.5413e-03	  3.4846e-11	  3.2706e-03	
  1.3357e+03	 -2.1402e-04	  6.2840e+00	  6.5413e-03	  3.4846e-11	  3.2706e-03	
  1.3373e+03	 -2.1128e-04	  6.2840e+00	  6.5413e-03	  3.4846e-11	  3.2706e-03	
  1.3389e+03	 -2.0858e-04	  6.2840e+00	  6.5413e-03	  3.4846e-11	  3.2706e-03	
  1.3404e+03	 -2.0591e-04	  6.2840e+00	  6.5413e-03	  3.4846e-11	  3.2707e-03	
  1.3420e+03	 -2.0327e-04	  6.2840e+00	  6.5413e-03	  3.4846e-11	  3.2707e-03	
  1.3436e+03	 -2.0067e-04	  6.2840e+00	  6.5413e-03	  3.4845e-11	  3.2707e-03	
  1.3452e+03	 -1.9810e-04	  6.2840e+00	  6.5413e-03	  3.4845e-11	  3.2707e-03	
  1.3468e+03	 -1.9557e-04	  6.2840e+00	  6.5413e-03	  3.4845e-11	  3.2707e-03	
  1.3484e+03	 -1.9306e-04	  6.2840e+00	  6.5414e-03	  3.4845e-11	  3.2707e-03	
  1.3499e+03	 -1.9059e-04	  6.2840e+00	  6.5414e-03	  3.4845e-11	  3.2707e-03	
  1.3515e+03	 -1.8815e-04	  6.2840e+00	  6.5414e-03	  3.4845e-11	  3.2707e-03	
  1.3531e+03	 -1.8574e-04	  6.2840e+00	  6.5414e-03	  3.4845e-11	  3.2707e-03	
  1.3547e+03	 -1.8337e-04	  6.2840e+00	  6.5414e-03	  3.4845e-11	  3.2707e-03	
  1.3563e+03	 -1.8102e-04	  6.2840e+00	  6.5414e-03	  3.4845e-11	  3.2707e-03	
  1.3579e+03	 -1.7870e-04	  6.2840e+00	  6.5414e-03	  3.4845e-11	  3.2707e-03	
  1.3594e+03	 -1.7642e-04	  6.2840e+00	  6.5414e-03	  3.4845e-11	  3.2707e-03	
  1.3610e+03	 -1.7416e-04	  6.2840e+00	  6.5414e-03	  3.4845e-11	  3.2707e-03	
  1.3626e+03	 -1.7193e-04	  6.2840e+00	  6.5414e-03	  3.4845e-11	  3.2707e-03	
  1.3642e+03	 -1.6973e-04	  6.2840e+00	  6.5415e-03	  3.4845e-11	  3.2707e-03	
  1.3658e+03	 -1.6756e-04	  6.2840e+00	  6.5415e-03	  3.4845e-11	  3.2707e-03	
  1.3674e+03	 -1.6541e-04	  6.2840e+00	  6.5415e-03	  3.4845e-11	  3.2707e-03	
  1.3690e+03	 -1.6329e-04	  6.2840e+00	  6.5415e-03	  3.4845e-11	  3.2707e-03	
  1.3705e+03	 -1.6120e-04	  6.2840e+00	  6.5415e-03	  3.4845e-11	  3.2707e-03	
  1.3721e+03	 -1.5914e-04	  6.2840e+00	  6.5415e-03	  3.4845e-11	  3.2707e-03	
  1.3737e+03	 -1.5710e-04	  6.2840e+00	  6.5415e-03	  3.4844e-11	  3.2708e-03	
  1.3753e+03	 -1.5509e-04	  6.2840e+00	  6.5415e-03	  3.4844e-11	  3.2708e-03	
  1.3769e+03	 -1.5311e-04	  6.2840e+00	  6.5415e-03	  3.4844e-11	  3.2708e-03	
  1.3785e+03	 -1.5115e-04	  6.2840e+00	  6.5415e-03	  3.4844e-11	  3.2708e-03	
  1.3800e+03	 -1.4921e-04	  6.2840e+00	  6.5415e-03	  3.4844e-11	  3.2708e-03	
  1.3816e+03	 -1.4730e-04	  6.2840e+00	  6.5415e-03	  3.4844e-11	  3.2708e-03	
  1.3832e+03	 -1.4542e-04	  6.2840e+00	  6.5416e-03	  3.4844e-11	  3.2708e-03	
  1.3848e+03	 -1.4356e-04	  6.2840e+00	  6.5416e-03	  3.4844e-11	  3.2708e-03	
  1.3864e+03	 -1.4172e-04	  6.2840e+00	  6.5416e-03	  3.4844e-11	  3.2708e-03	
  1.3880e+03	 -1.3990e-04	  6.2840e+00	  6.5416e-03	  3.4844e-11	  3.2708e-03	
  1.3896e+03	 -1.3811e-04	  6.2840e+00	  6.5416e-03	  3.4844e-11	  3.2708e-03	
  1.3911e+03	 -1.3635e-04	  6.2840e+00	  6.5416e-03	  3.4844e-11	  3.2708e-03	
  1.3927e+03	 -1.3460e-04	  6.2840e+00	  6.5416e-03	  3.4844e-11	  3.2708e-03	
  1.3943e+03	 -1.3288e-04	  6.2840e+00	  6.5416e-03	  3.4844e-11	  3.2708e-03	
  1.3959e+03	 -1.3118e-04	  6.2840e+00	  6.5416e-03	  3.4844e-11	  3.2708e-03	
  1.3975e+03	 -1.2950e-04	  6.2840e+00	  6.5416e-03	  3.4844e-11	  3.2708e-03	
  1.3991e+03	 -1.2784e-04	  6.2840e+00	  6.5416e-03	  3.4844e-11	  3.2708e-03	
  1.4006e+03	 -1.2620e-04	  6.2840e+00	  6.5416e-03	  3.4844e-11	  3.2708e-03	
  1.4022e+03	 -1.2459e-04	  6.2840e+00	  6.5416e-03	  3.4844e-11	  3.2708e-03	
  1.4038e+03	 -1.2299e-04	  6.2840e+00	  6.5416e-03	  3.4844e-11	  3.2708e-03	
  1.4054e+03	 -1.2142e-04	  6.2840e+00	  6.5417e-03	  3.4844e-11	  3.2708e-03	
  1.4070e+03	 -1.1986e-04	  6.2840e+00	  6.5417e-03	  3.4844e-11	  3.2708e-03	
  1.4086e+03	 -1.1833e-04	  6.2840e+00	  6.5417e-03	  3.4844e-11	  3.2708e-03	
  1.4102e+03	 -1.1682e-04	  6.2840e+00	  6.5417e-03	  3.4844e-11	  3.2708e-03	
  1.4117e+03	 -1.1532e-04	  6.2840e+00	  6.5417e-03	  3.4844e-11	  3.2708e-03	
  1.4133e+03	 -1.1384e-04	  6.2840e+00	  6.5417e-03	  3.4844e-11	  3.2708e-03	
  1.4149e+03	 -1.1239e-04	  6.2840e+00	  6.5417e-03	  3.4843e-11	  3.2708e-03	
  1.4165e+03	 -1.1095e-04	  6.2840e+00	  6.5417e-03	  3.4843e-11	  3.2708e-03	
  1.4181e+03	 -1.0953e-04	  6.2840e+00	  6.5417e-03	  3.4843e-11	  3.2709e-03	
  1.4197e+03	 -1.0813e-04	  6.2840e+00	  6.5417e-03	  3.4843e-11	  3.2709e-03	
  1.4212e+03	 -1.0674e-04	  6.2840e+00	  6.5417e-03	  3.4843e-11	  3.2709e-03	
  1.4228e+03	 -1.0538e-04	  6.2840e+00	  6.5417e-03	  3.4843e-11	  3.2709e-03	
  1.4244e+03	 -1.0403e-04	  6.2840e+00	  6.5417e-03	  3.4843e-11	  3.2709e-03	
  1.4260e+03	 -1.0270e-04	  6.2840e+00	  6.5417e-03	  3.4843e-11	  3.2709e-03	
  1.4276e+03	 -1.0138e-04	  6.2840e+00	  6.5417e-03	  3.4843e-11	  3.2709e-03	
  1.4292e+03	 -1.0008e-04	  6.2840e+00	  6.5417e-03	  3.4843e-11	  3.2709e-03	
  1.4307e+03	 -9.8803e-05	  6.2840e+00	  6.5417e-03	  3.4843e-11	  3.2709e-03	
  1.4323e+03	 -9.7538e-05	  6.2840e+00	  6.5418e-03	  3.4843e-11	  3.2709e-03	
  1.4339e+03	 -9.6289e-05	  6.2840e+00	  6.5418e-03	  3.4843e-11	  3.2709e-03	
  1.4355e+03	 -9.5057e-05	  6.2840e+00	  6.5418e-03	  3.4843e-11	  3.2709e-03	
  1.4371e+03	 -9.3840e-05	  6.2840e+00	  6.5418e-03	  3.4843e-11	  3.2709e-03	
  1.4387e+03	 -9.2639e-05	  6.2840e+00	  6.5418e-03	  3.4843e-11	  3.2709e-03	
  1.4403e+03	 -9.1453e-05	  6.2840e+00	  6.5418e-03	  3.4843e-11	  3.2709e-03	
  1.4418e+03	 -9.0282e-05	  6.2840e+00	  6.5418e-03	  3.4843e-11	  3.2709e-03	
  1.4434e+03	 -8.9127e-05	  6.2840e+00	  6.5418e-03	  3.4843e-11	  3.2709e-03	
  1.4450e+03	 -8.7986e-05	  6.2840e+00	  6.5418e-03	  3.4843e-11	  3.2709e-03	
  1.4466e+03	 -8.6860e-05	  6.2840e+00	  6.5418e-03	  3.4843e-11	  3.2709e-03	
  1.4482e+03	 -8.5748e-05	  6.2840e+00	  6.5418e-03	  3.4843e-11	  3.2709e-03	
  1.4498e+03	 -8.4650e-05	  6.2840e+00	  6.5418e-03	  3.4843e-11	  3.2709e-03	
  1.4513e+03	 -8.3567e-05	  6.2840e+00	  6.5418e-03	  3.4843e-11	  3.2709e-03	
  1.4529e+03	 -8.2497e-05	  6.2840e+00	  6.5418e-03	  3.4843e-11	  3.2709e-03	
  1.4545e+03	 -8.1441e-05	  6.2840e+00	  6.5418e-03	  3.4843e-11	  3.2709e-03	
  1.4561e+03	 -8.0399e-05	  6.2840e+00	  6.5418e-03	  3.4843e-11	  3.2709e-03	
  1.4577e+03	 -7.9369e-05	  6.2840e+00	  6.5418e-03	  3.4843e-11	  3.2709e-03	
  1.4593e+03	 -7.8353e-05	  6.2840e+00	  6.5418e-03	  3.4843e-11	  3.2709e-03	
  1.4609e+03	 -7.7350e-05	  6.2840e+00	  6.5418e-03	  3.4843e-11	  3.2709e-03	
  1.4624e+03	 -7.6360e-05	  6.2840e+00	  6.5418e-03	  3.4843e-11	  3.2709e-03	
  1.4640e+03	 -7.5383e-05	  6.2840e+00	  6.5418e-03	  3.4843e-11	  3.2709e-03	
  1.4656e+03	 -7.4418e-05	  6.2840e+00	  6.5418e-03	  3.4843e-11	  3.2709e-03	
  1.4672e+03	 -7.3465e-05	  6.2840e+00	  6.5418e-03	  3.4843e-11	  3.2709e-03	
  1.4688e+03	 -7.2525e-05	  6.2840e+00	  6.5419e-03	  3.4843e-11	  3.2709e-03	
  1.4704e+03	 -7.1597e-05	  6.2840e+00	  6.5419e-03	  3.4843e-11	  3.2709e-03	
  1.4719e+03	 -7.0680e-05	  6.2840e+00	  6.5419e-03	  3.4843e-11	  3.2709e-03	
  1.4735e+03	 -6.9775e-05	  6.2840e+00	  6.5419e-03	  3.4842e-11	  3.2709e-03	
  1.4751e+03	 -6.8882e-05	  6.2840e+00	  6.5419e-03	  3.4842e-11	  3.2709e-03	
  1.4767e+03	 -6.8001e-05	  6.2840e+00	  6.5419e-03	  3.4842e-11	  3.2709e-03	
  1.4783e+03	 -6.7130e-05	  6.2840e+00	  6.5419e-03	  3.4842e-11	  3.2709e-03	
  1.4799e+03	 -6.6271e-05	  6.2840e+00	  6.5419e-03	  3.4842e-11	  3.2709e-03	
  1.4814e+03	 -6.5422e-05	  6.2840e+00	  6.5419e-03	  3.4842e-11	  3.2709e-03	
  1.4830e+03	 -6.4585e-05	  6.2840e+00	  6.5419e-03	  3.4842e-11	  3.2709e-03	
  1.4846e+03	 -6.3758e-05	  6.2840e+00	  6.5419e-03	  3.4842e-11	  3.2709e-03	
  1.4862e+03	 -6.2942e-05	  6.2840e+00	  6.5419e-03	  3.4842e-11	  3.2709e-03	
  1.4878e+03	 -6.2136e-05	  6.2840e+00	  6.5419e-03	  3.4842e-11	  3.2709e-03	
  1.4894e+03	 -6.1341e-05	  6.2840e+00	  6.5419e-03	  3.4842e-11	  3.2709e-03	
  1.4910e+03	 -6.0556e-05	  6.2840e+00	  6.5419e-03	  3.4842e-11	  3.2710e-03	
  1.4925e+03	 -5.9781e-05	  6.2840e+00	  6.5419e-03	  3.4842e-11	  3.2710e-03	
  1.4941e+03	 -5.9016e-05	  6.2840e+00	  6.5419e-03	  3.4842e-11	  3.2710e-03	
  1.4957e+03	 -5.8260e-05	  6.2840e+00	  6.5419e-03	  3.4842e-11	  3.2710e-03	
  1.4973e+03	 -5.7514e-05	  6.2840e+00	  6.5419e-03	  3.4842e-11	  3.2710e-03	
  1.4989e+03	 -5.6778e-05	  6.2840e+00	  6.5419e-03	  3.4842e-11	  3.2710e-03	
  1.5005e+03	 -5.6051e-05	  6.2840e+00	  6.5419e-03	  3.4842e-11	  3.2710e-03	
  1.5020e+03	 -5.5334e-05	  6.2840e+00	  6.5419e-03	  3.4842e-11	  3.2710e-03	
  1.5036e+03	 -5.4626e-05	  6.2840e+00	  6.5419e-03	  3.4842e-11	  3.2710e-03	
  1.5052e+03	 -5.3926e-05	  6.2840e+00	  6.5419e-03	  3.4842e-11	  3.2710e-03	
  1.5068e+03	 -5.3236e-05	  6.2840e+00	  6.5419e-03	  3.4842e-11	  3.2710e-03	
  1.5084e+03	 -5.2555e-05	  6.2840e+00	  6.5419e-03	  3.4842e-11	  3.2710e-03	
  1.5100e+03	 -5.1882e-05	  6.2840e+00	  6.5419e-03	  3.4842e-11	  3.2710e-03	
  1.5116e+03	 -5.1218e-05	  6.2840e+00	  6.5419e-03	  3.4842e-11	  3.2710e-03	
  1.5131e+03	 -5.0562e-05	  6.2840e+00	  6.5419e-03	  3.4842e-11	  3.2710e-03	
  1.5147e+03	 -4.9915e-05	  6.2840e+00	  6.5419e-03	  3.4842e-11	  3.2710e-03	
  1.5163e+03	 -4.9276e-05	  6.2840e+00	  6.5419e-03	  3.4842e-11	  3.2710e-03	
  1.5179e+03	 -4.8645e-05	  6.2840e+00	  6.5420e-03	  3.4842e-11	  3.2710e-03	
  1.5195e+03	 -4.8022e-05	  6.2840e+00	  6.5420e-03	  3.4842e-11	  3.2710e-03	
  1.5211e+03	 -4.7408e-05	  6.2840e+00	  6.5420e-03	  3.4842e-11	  3.2710e-03	
  1.5226e+03	 -4.6801e-05	  6.2840e+00	  6.5420e-03	  3.4842e-11	  3.2710e-03	
  1.5242e+03	 -4.6202e-05	  6.2840e+00	  6.5420e-03	  3.4842e-11	  3.2710e-03	
  1.5258e+03	 -4.5610e-05	  6.2840e+00	  6.5420e-03	  3.4842e-11	  3.2710e-03	
  1.5274e+03	 -4.5027e-05	  6.2840e+00	  6.5420e-03	  3.4842e-11	  3.2710e-03	
  1.5290e+03	 -4.4450e-05	  6.2840e+00	  6.5420e-03	  3.4842e-11	  3.2710e-03	
  1.5306e+03	 -4.3881e-05	  6.2840e+00	  6.5420e-03	  3.4842e-11	  3.2710e-03	
  1.5322e+03	 -4.3319e-05	  6.2840e+00	  6.5420e-03	  3.4842e-11	  3.2710e-03	
  1.5337e+03	 -4.2765e-05	  6.2840e+00	  6.5420e-03	  3.4842e-11	  3.2710e-03	
  1.5353e+03	 -4.2217e-05	  6.2840e+00	  6.5420e-03	  3.4842e-11	  3.2710e-03	
  1.5369e+03	 -4.1677e-05	  6.2840e+00	  6.5420e-03	  3.4842e-11	  3.2710e-03	
  1.5385e+03	 -4.1144e-05	  6.2840e+00	  6.5420e-03	  3.4842e-11	  3.2710e-03	
  1.5401e+03	 -4.0617e-05	  6.2840e+00	  6.5420e-03	  3.4842e-11	  3.2710e-03	
  1.5417e+03	 -4.0097e-05	  6.2840e+00	  6.5420e-03	  3.4842e-11	  3.2710e-03	
  1.5432e+03	 -3.9584e-05	  6.2840e+00	  6.5420e-03	  3.4842e-11	  3.2710e-03	
  1.5448e+03	 -3.9077e-05	  6.2840e+00	  6.5420e-03	  3.4842e-11	  3.2710e-03	
  1.5464e+03	 -3.8577e-05	  6.2840e+00	  6.5420e-03	  3.4842e-11	  3.2710e-03	
  1.5480e+03	 -3.8083e-05	  6.2840e+00	  6.5420e-03	  3.4842e-11	  3.2710e-03	
  1.5496e+03	 -3.7596e-05	  6.2840e+00	  6.5420e-03	  3.4842e-11	  3.2710e-03	
  1.5512e+03	 -3.7114e-05	  6.2840e+00	  6.5420e-03	  3.4842e-11	  3.2710e-03	
  1.5527e+03	 -3.6639e-05	  6.2840e+00	  6.5420e-03	  3.4842e-11	  3.2710e-03	
  1.5543e+03	 -3.6170e-05	  6.2840e+00	  6.5420e-03	  3.4842e-11	  3.2710e-03	
  1.5559e+03	 -3.5707e-05	  6.2840e+00	  6.5420e-03	  3.4842e-11	  3.2710e-03	
  1.5575e+03	 -3.5250e-05	  6.2840e+00	  6.5420e-03	  3.4842e-11	  3.2710e-03	
  1.5591e+03	 -3.4799e-05	  6.2840e+00	  6.5420e-03	  3.4842e-11	  3.2710e-03	
  1.5607e+03	 -3.4353e-05	  6.2840e+00	  6.5420e-03	  3.4842e-11	  3.2710e-03	
  1.5623e+03	 -3.3914e-05	  6.2840e+00	  6.5420e-03	  3.4842e-11	  3.2710e-03	
  1.5638e+03	 -3.3480e-05	  6.2840e+00	  6.5420e-03	  3.4842e-11	  3.2710e-03	
  1.5654e+03	 -3.3051e-05	  6.2840e+00	  6.5420e-03	  3.4842e-11	  3.2710e-03	
  1.5670e+03	 -3.2628e-05	  6.2840e+00	  6.5420e-03	  3.4842e-11	  3.2710e-03	
  1.5686e+03	 -3.2210e-05	  6.2840e+00	  6.5420e-03	  3.4842e-11	  3.2710e-03	
  1.5702e+03	 -3.1798e-05	  6.2840e+00	  6.5420e-03	  3.4842e-11	  3.2710e-03	
  1.5718e+03	 -3.1391e-05	  6.2840e+00	  6.5420e-03	  3.4842e-11	  3.2710e-03	
  1.5733e+03	 -3.0989e-05	  6.2840e+00	  6.5420e-03	  3.4842e-11	  3.2710e-03	
  1.5749e+03	 -3.0592e-05	  6.2840e+00	  6.5420e-03	  3.4842e-11	  3.2710e-03	
  1.5765e+03	 -3.0201e-05	  6.2840e+00	  6.5420e-03	  3.4842e-11	  3.2710e-03	
  1.5781e+03	 -2.9814e-05	  6.2840e+00	  6.5420e-03	  3.4842e-11	  3.2710e-03	
  1.5797e+03	 -2.9432e-05	  6.2840e+00	  6.5420e-03	  3.4842e-11	  3.2710e-03	
  1.5813e+03	 -2.9056e-05	  6.2840e+00	  6.5420e-03	  3.4842e-11	  3.2710e-03	
  1.5829e+03	 -2.8684e-05	  6.2840e+00	  6.5420e-03	  3.4842e-11	  3.2710e-03	
  1.5844e+03	 -2.8317e-05	  6.2840e+00	  6.5420e-03	  3.4842e-11	  3.2710e-03	
